#
# There is insufficient memory for the Java Runtime Environment to continue.
# Native memory allocation (malloc) failed to allocate 673568 bytes for Chunk::new
# Possible reasons:
#   The system is out of physical RAM or swap space
#   The process is running with CompressedOops enabled, and the Java Heap may be blocking the growth of the native heap
# Possible solutions:
#   Reduce memory load on the system
#   Increase physical memory or swap space
#   Check if swap backing store is full
#   Decrease Java heap size (-Xmx/-Xms)
#   Decrease number of Java threads
#   Decrease Java thread stack sizes (-Xss)
#   Set larger code cache with -XX:ReservedCodeCacheSize=
#   JVM is running with Zero Based Compressed Oops mode in which the Java heap is
#     placed in the first 32GB address space. The Java Heap base address is the
#     maximum limit for the native heap growth. Please use -XX:HeapBaseMinAddress
#     to set the Java Heap base and to place the Java Heap above 32GB virtual address.
# This output file may be truncated or incomplete.
#
#  Out of Memory Error (arena.cpp:189), pid=15292, tid=11672
#
# JRE version: Java(TM) SE Runtime Environment (17.0.9+11) (build 17.0.9+11-LTS-201)
# Java VM: Java HotSpot(TM) 64-Bit Server VM (17.0.9+11-LTS-201, mixed mode, sharing, tiered, compressed oops, compressed class ptrs, g1 gc, windows-amd64)
# No core dump will be written. Minidumps are not enabled by default on client versions of Windows
#

---------------  S U M M A R Y ------------

Command Line: -Dfile.encoding=UTF-8 --module-path=C:\Users\User\Documents\NetBeansProjects\Bank Management System\build\classes bank.management.system.SignupTwo

Host: Intel(R) Core(TM) i5-10210U CPU @ 1.60GHz, 8 cores, 15G,  Windows 11 , 64 bit Build 22621 (10.0.22621.2506)
Time: Fri Jan 19 01:20:16 2024 GMT Standard Time elapsed time: 0.888133 seconds (0d 0h 0m 0s)

---------------  T H R E A D  ---------------

Current thread (0x000001befedf52f0):  JavaThread "C2 CompilerThread0" daemon [_thread_in_native, id=11672, stack(0x00000046b5c00000,0x00000046b5d00000)]


Current CompileTask:
C2:    888 1384   !   4       sun.font.TrueTypeFont::getTableBuffer (215 bytes)

Stack: [0x00000046b5c00000,0x00000046b5d00000]
Native frames: (J=compiled Java code, j=interpreted, Vv=VM code, C=native code)
V  [jvm.dll+0x678a4a]
V  [jvm.dll+0x7d9cfd]
V  [jvm.dll+0x7db60e]
V  [jvm.dll+0x7dbc73]
V  [jvm.dll+0x245e1f]
V  [jvm.dll+0xaaafb]
V  [jvm.dll+0xab09c]
V  [jvm.dll+0x36237e]
V  [jvm.dll+0x1bb94a]
V  [jvm.dll+0x218287]
V  [jvm.dll+0x217561]
V  [jvm.dll+0x1a3bc0]
V  [jvm.dll+0x2272de]
V  [jvm.dll+0x22548b]
V  [jvm.dll+0x78f58c]
V  [jvm.dll+0x78998a]
V  [jvm.dll+0x677875]
C  [ucrtbase.dll+0x29363]
C  [KERNEL32.DLL+0x1257d]
C  [ntdll.dll+0x5aa58]


---------------  P R O C E S S  ---------------

Threads class SMR info:
_java_thread_list=0x000001bed0520050, length=18, elements={
0x000001befedd5030, 0x000001befedd5eb0, 0x000001befede7490, 0x000001befede8050,
0x000001befede8c10, 0x000001befedec5f0, 0x000001befedf52f0, 0x000001befedf9c30,
0x000001befedfa540, 0x000001befedbd550, 0x000001becf1724c0, 0x000001becf254140,
0x000001becf3a7f10, 0x000001becf3aaeb0, 0x000001becf3b21c0, 0x000001bed0295030,
0x000001bed04c3be0, 0x000001bed0255870
}

Java Threads: ( => current thread )
  0x000001befedd5030 JavaThread "Reference Handler" daemon [_thread_blocked, id=15844, stack(0x00000046b5600000,0x00000046b5700000)]
  0x000001befedd5eb0 JavaThread "Finalizer" daemon [_thread_blocked, id=9812, stack(0x00000046b5700000,0x00000046b5800000)]
  0x000001befede7490 JavaThread "Signal Dispatcher" daemon [_thread_blocked, id=29056, stack(0x00000046b5800000,0x00000046b5900000)]
  0x000001befede8050 JavaThread "Attach Listener" daemon [_thread_blocked, id=13476, stack(0x00000046b5900000,0x00000046b5a00000)]
  0x000001befede8c10 JavaThread "Service Thread" daemon [_thread_blocked, id=34844, stack(0x00000046b5a00000,0x00000046b5b00000)]
  0x000001befedec5f0 JavaThread "Monitor Deflation Thread" daemon [_thread_blocked, id=34996, stack(0x00000046b5b00000,0x00000046b5c00000)]
=>0x000001befedf52f0 JavaThread "C2 CompilerThread0" daemon [_thread_in_native, id=11672, stack(0x00000046b5c00000,0x00000046b5d00000)]
  0x000001befedf9c30 JavaThread "C1 CompilerThread0" daemon [_thread_blocked, id=19648, stack(0x00000046b5d00000,0x00000046b5e00000)]
  0x000001befedfa540 JavaThread "Sweeper thread" daemon [_thread_blocked, id=35456, stack(0x00000046b5e00000,0x00000046b5f00000)]
  0x000001befedbd550 JavaThread "Common-Cleaner" daemon [_thread_blocked, id=13292, stack(0x00000046b5f00000,0x00000046b6000000)]
  0x000001becf1724c0 JavaThread "Notification Thread" daemon [_thread_blocked, id=12580, stack(0x00000046b6000000,0x00000046b6100000)]
  0x000001becf254140 JavaThread "C2 CompilerThread1" daemon [_thread_blocked, id=32084, stack(0x00000046b6200000,0x00000046b6300000)]
  0x000001becf3a7f10 JavaThread "Java2D Disposer" daemon [_thread_blocked, id=26580, stack(0x00000046b6300000,0x00000046b6400000)]
  0x000001becf3aaeb0 JavaThread "AWT-Shutdown" [_thread_blocked, id=28824, stack(0x00000046b6400000,0x00000046b6500000)]
  0x000001becf3b21c0 JavaThread "AWT-Windows" daemon [_thread_in_native, id=18356, stack(0x00000046b6500000,0x00000046b6600000)]
  0x000001bed0295030 JavaThread "AWT-EventQueue-0" [_thread_in_vm, id=13316, stack(0x00000046b6600000,0x00000046b6700000)]
  0x000001bed04c3be0 JavaThread "Image Fetcher 0" daemon [_thread_blocked, id=33340, stack(0x00000046b6700000,0x00000046b6800000)]
  0x000001bed0255870 JavaThread "DestroyJavaVM" [_thread_blocked, id=17460, stack(0x00000046b4f00000,0x00000046b5000000)]

Other Threads:
  0x000001befedcfff0 VMThread "VM Thread" [stack: 0x00000046b5500000,0x00000046b5600000] [id=15408]
  0x000001bee606d240 WatcherThread [stack: 0x00000046b6100000,0x00000046b6200000] [id=13920]
  0x000001bee603adb0 GCTaskThread "GC Thread#0" [stack: 0x00000046b5000000,0x00000046b5100000] [id=26940]
  0x000001bee604b980 ConcurrentGCThread "G1 Main Marker" [stack: 0x00000046b5100000,0x00000046b5200000] [id=28376]
  0x000001bee604c390 ConcurrentGCThread "G1 Conc#0" [stack: 0x00000046b5200000,0x00000046b5300000] [id=25948]
  0x000001befec89510 ConcurrentGCThread "G1 Refine#0" [stack: 0x00000046b5300000,0x00000046b5400000] [id=10104]
  0x000001befec89e50 ConcurrentGCThread "G1 Service" [stack: 0x00000046b5400000,0x00000046b5500000] [id=30932]

Threads with active compile tasks:
C2 CompilerThread0      909 1384   !   4       sun.font.TrueTypeFont::getTableBuffer (215 bytes)

VM state: not at safepoint (normal execution)

VM Mutex/Monitor currently owned by a thread: None

Heap address: 0x0000000703800000, size: 4040 MB, Compressed Oops mode: Zero based, Oop shift amount: 3

CDS archive(s) mapped at: [0x000001be8a000000-0x000001be8abd0000-0x000001be8abd0000), size 12386304, SharedBaseAddress: 0x000001be8a000000, ArchiveRelocationMode: 1.
Compressed class space mapped at: 0x000001be8b000000-0x000001becb000000, reserved size: 1073741824
Narrow klass base: 0x000001be8a000000, Narrow klass shift: 0, Narrow klass range: 0x100000000

GC Precious Log:
 CPUs: 8 total, 8 available
 Memory: 16157M
 Large Page Support: Disabled
 NUMA Support: Disabled
 Compressed Oops: Enabled (Zero based)
 Heap Region Size: 2M
 Heap Min Capacity: 8M
 Heap Initial Capacity: 254M
 Heap Max Capacity: 4040M
 Pre-touch: Disabled
 Parallel Workers: 8
 Concurrent Workers: 2
 Concurrent Refinement Workers: 8
 Periodic GC: Disabled

Heap:
 garbage-first heap   total 260096K, used 22528K [0x0000000703800000, 0x0000000800000000)
  region size 2048K, 10 young (20480K), 0 survivors (0K)
 Metaspace       used 10434K, committed 10624K, reserved 1114112K
  class space    used 1261K, committed 1344K, reserved 1048576K

Heap Regions: E=young(eden), S=young(survivor), O=old, HS=humongous(starts), HC=humongous(continues), CS=collection set, F=free, OA=open archive, CA=closed archive, TAMS=top-at-mark-start (previous, next)
|   0|0x0000000703800000, 0x0000000703a00000, 0x0000000703a00000|100%|HS|  |TAMS 0x0000000703800000, 0x0000000703800000| Complete 
|   1|0x0000000703a00000, 0x0000000703c00000, 0x0000000703c00000|100%|HC|  |TAMS 0x0000000703a00000, 0x0000000703a00000| Complete 
|   2|0x0000000703c00000, 0x0000000703c00000, 0x0000000703e00000|  0%| F|  |TAMS 0x0000000703c00000, 0x0000000703c00000| Untracked 
|   3|0x0000000703e00000, 0x0000000703e00000, 0x0000000704000000|  0%| F|  |TAMS 0x0000000703e00000, 0x0000000703e00000| Untracked 
|   4|0x0000000704000000, 0x0000000704000000, 0x0000000704200000|  0%| F|  |TAMS 0x0000000704000000, 0x0000000704000000| Untracked 
|   5|0x0000000704200000, 0x0000000704200000, 0x0000000704400000|  0%| F|  |TAMS 0x0000000704200000, 0x0000000704200000| Untracked 
|   6|0x0000000704400000, 0x0000000704400000, 0x0000000704600000|  0%| F|  |TAMS 0x0000000704400000, 0x0000000704400000| Untracked 
|   7|0x0000000704600000, 0x0000000704600000, 0x0000000704800000|  0%| F|  |TAMS 0x0000000704600000, 0x0000000704600000| Untracked 
|   8|0x0000000704800000, 0x0000000704800000, 0x0000000704a00000|  0%| F|  |TAMS 0x0000000704800000, 0x0000000704800000| Untracked 
|   9|0x0000000704a00000, 0x0000000704a00000, 0x0000000704c00000|  0%| F|  |TAMS 0x0000000704a00000, 0x0000000704a00000| Untracked 
|  10|0x0000000704c00000, 0x0000000704c00000, 0x0000000704e00000|  0%| F|  |TAMS 0x0000000704c00000, 0x0000000704c00000| Untracked 
|  11|0x0000000704e00000, 0x0000000704e00000, 0x0000000705000000|  0%| F|  |TAMS 0x0000000704e00000, 0x0000000704e00000| Untracked 
|  12|0x0000000705000000, 0x0000000705000000, 0x0000000705200000|  0%| F|  |TAMS 0x0000000705000000, 0x0000000705000000| Untracked 
|  13|0x0000000705200000, 0x0000000705200000, 0x0000000705400000|  0%| F|  |TAMS 0x0000000705200000, 0x0000000705200000| Untracked 
|  14|0x0000000705400000, 0x0000000705400000, 0x0000000705600000|  0%| F|  |TAMS 0x0000000705400000, 0x0000000705400000| Untracked 
|  15|0x0000000705600000, 0x0000000705600000, 0x0000000705800000|  0%| F|  |TAMS 0x0000000705600000, 0x0000000705600000| Untracked 
|  16|0x0000000705800000, 0x0000000705800000, 0x0000000705a00000|  0%| F|  |TAMS 0x0000000705800000, 0x0000000705800000| Untracked 
|  17|0x0000000705a00000, 0x0000000705a00000, 0x0000000705c00000|  0%| F|  |TAMS 0x0000000705a00000, 0x0000000705a00000| Untracked 
|  18|0x0000000705c00000, 0x0000000705c00000, 0x0000000705e00000|  0%| F|  |TAMS 0x0000000705c00000, 0x0000000705c00000| Untracked 
|  19|0x0000000705e00000, 0x0000000705e00000, 0x0000000706000000|  0%| F|  |TAMS 0x0000000705e00000, 0x0000000705e00000| Untracked 
|  20|0x0000000706000000, 0x0000000706000000, 0x0000000706200000|  0%| F|  |TAMS 0x0000000706000000, 0x0000000706000000| Untracked 
|  21|0x0000000706200000, 0x0000000706200000, 0x0000000706400000|  0%| F|  |TAMS 0x0000000706200000, 0x0000000706200000| Untracked 
|  22|0x0000000706400000, 0x0000000706400000, 0x0000000706600000|  0%| F|  |TAMS 0x0000000706400000, 0x0000000706400000| Untracked 
|  23|0x0000000706600000, 0x0000000706600000, 0x0000000706800000|  0%| F|  |TAMS 0x0000000706600000, 0x0000000706600000| Untracked 
|  24|0x0000000706800000, 0x0000000706800000, 0x0000000706a00000|  0%| F|  |TAMS 0x0000000706800000, 0x0000000706800000| Untracked 
|  25|0x0000000706a00000, 0x0000000706a00000, 0x0000000706c00000|  0%| F|  |TAMS 0x0000000706a00000, 0x0000000706a00000| Untracked 
|  26|0x0000000706c00000, 0x0000000706c00000, 0x0000000706e00000|  0%| F|  |TAMS 0x0000000706c00000, 0x0000000706c00000| Untracked 
|  27|0x0000000706e00000, 0x0000000706e00000, 0x0000000707000000|  0%| F|  |TAMS 0x0000000706e00000, 0x0000000706e00000| Untracked 
|  28|0x0000000707000000, 0x0000000707000000, 0x0000000707200000|  0%| F|  |TAMS 0x0000000707000000, 0x0000000707000000| Untracked 
|  29|0x0000000707200000, 0x0000000707200000, 0x0000000707400000|  0%| F|  |TAMS 0x0000000707200000, 0x0000000707200000| Untracked 
|  30|0x0000000707400000, 0x0000000707400000, 0x0000000707600000|  0%| F|  |TAMS 0x0000000707400000, 0x0000000707400000| Untracked 
|  31|0x0000000707600000, 0x0000000707600000, 0x0000000707800000|  0%| F|  |TAMS 0x0000000707600000, 0x0000000707600000| Untracked 
|  32|0x0000000707800000, 0x0000000707800000, 0x0000000707a00000|  0%| F|  |TAMS 0x0000000707800000, 0x0000000707800000| Untracked 
|  33|0x0000000707a00000, 0x0000000707a00000, 0x0000000707c00000|  0%| F|  |TAMS 0x0000000707a00000, 0x0000000707a00000| Untracked 
|  34|0x0000000707c00000, 0x0000000707c00000, 0x0000000707e00000|  0%| F|  |TAMS 0x0000000707c00000, 0x0000000707c00000| Untracked 
|  35|0x0000000707e00000, 0x0000000707e00000, 0x0000000708000000|  0%| F|  |TAMS 0x0000000707e00000, 0x0000000707e00000| Untracked 
|  36|0x0000000708000000, 0x0000000708000000, 0x0000000708200000|  0%| F|  |TAMS 0x0000000708000000, 0x0000000708000000| Untracked 
|  37|0x0000000708200000, 0x0000000708200000, 0x0000000708400000|  0%| F|  |TAMS 0x0000000708200000, 0x0000000708200000| Untracked 
|  38|0x0000000708400000, 0x0000000708400000, 0x0000000708600000|  0%| F|  |TAMS 0x0000000708400000, 0x0000000708400000| Untracked 
|  39|0x0000000708600000, 0x0000000708600000, 0x0000000708800000|  0%| F|  |TAMS 0x0000000708600000, 0x0000000708600000| Untracked 
|  40|0x0000000708800000, 0x0000000708800000, 0x0000000708a00000|  0%| F|  |TAMS 0x0000000708800000, 0x0000000708800000| Untracked 
|  41|0x0000000708a00000, 0x0000000708a00000, 0x0000000708c00000|  0%| F|  |TAMS 0x0000000708a00000, 0x0000000708a00000| Untracked 
|  42|0x0000000708c00000, 0x0000000708c00000, 0x0000000708e00000|  0%| F|  |TAMS 0x0000000708c00000, 0x0000000708c00000| Untracked 
|  43|0x0000000708e00000, 0x0000000708e00000, 0x0000000709000000|  0%| F|  |TAMS 0x0000000708e00000, 0x0000000708e00000| Untracked 
|  44|0x0000000709000000, 0x0000000709000000, 0x0000000709200000|  0%| F|  |TAMS 0x0000000709000000, 0x0000000709000000| Untracked 
|  45|0x0000000709200000, 0x0000000709200000, 0x0000000709400000|  0%| F|  |TAMS 0x0000000709200000, 0x0000000709200000| Untracked 
|  46|0x0000000709400000, 0x0000000709400000, 0x0000000709600000|  0%| F|  |TAMS 0x0000000709400000, 0x0000000709400000| Untracked 
|  47|0x0000000709600000, 0x0000000709600000, 0x0000000709800000|  0%| F|  |TAMS 0x0000000709600000, 0x0000000709600000| Untracked 
|  48|0x0000000709800000, 0x0000000709800000, 0x0000000709a00000|  0%| F|  |TAMS 0x0000000709800000, 0x0000000709800000| Untracked 
|  49|0x0000000709a00000, 0x0000000709a00000, 0x0000000709c00000|  0%| F|  |TAMS 0x0000000709a00000, 0x0000000709a00000| Untracked 
|  50|0x0000000709c00000, 0x0000000709c00000, 0x0000000709e00000|  0%| F|  |TAMS 0x0000000709c00000, 0x0000000709c00000| Untracked 
|  51|0x0000000709e00000, 0x0000000709e00000, 0x000000070a000000|  0%| F|  |TAMS 0x0000000709e00000, 0x0000000709e00000| Untracked 
|  52|0x000000070a000000, 0x000000070a000000, 0x000000070a200000|  0%| F|  |TAMS 0x000000070a000000, 0x000000070a000000| Untracked 
|  53|0x000000070a200000, 0x000000070a200000, 0x000000070a400000|  0%| F|  |TAMS 0x000000070a200000, 0x000000070a200000| Untracked 
|  54|0x000000070a400000, 0x000000070a400000, 0x000000070a600000|  0%| F|  |TAMS 0x000000070a400000, 0x000000070a400000| Untracked 
|  55|0x000000070a600000, 0x000000070a600000, 0x000000070a800000|  0%| F|  |TAMS 0x000000070a600000, 0x000000070a600000| Untracked 
|  56|0x000000070a800000, 0x000000070a800000, 0x000000070aa00000|  0%| F|  |TAMS 0x000000070a800000, 0x000000070a800000| Untracked 
|  57|0x000000070aa00000, 0x000000070aa00000, 0x000000070ac00000|  0%| F|  |TAMS 0x000000070aa00000, 0x000000070aa00000| Untracked 
|  58|0x000000070ac00000, 0x000000070ac00000, 0x000000070ae00000|  0%| F|  |TAMS 0x000000070ac00000, 0x000000070ac00000| Untracked 
|  59|0x000000070ae00000, 0x000000070ae00000, 0x000000070b000000|  0%| F|  |TAMS 0x000000070ae00000, 0x000000070ae00000| Untracked 
|  60|0x000000070b000000, 0x000000070b000000, 0x000000070b200000|  0%| F|  |TAMS 0x000000070b000000, 0x000000070b000000| Untracked 
|  61|0x000000070b200000, 0x000000070b200000, 0x000000070b400000|  0%| F|  |TAMS 0x000000070b200000, 0x000000070b200000| Untracked 
|  62|0x000000070b400000, 0x000000070b400000, 0x000000070b600000|  0%| F|  |TAMS 0x000000070b400000, 0x000000070b400000| Untracked 
|  63|0x000000070b600000, 0x000000070b600000, 0x000000070b800000|  0%| F|  |TAMS 0x000000070b600000, 0x000000070b600000| Untracked 
|  64|0x000000070b800000, 0x000000070b800000, 0x000000070ba00000|  0%| F|  |TAMS 0x000000070b800000, 0x000000070b800000| Untracked 
|  65|0x000000070ba00000, 0x000000070ba00000, 0x000000070bc00000|  0%| F|  |TAMS 0x000000070ba00000, 0x000000070ba00000| Untracked 
|  66|0x000000070bc00000, 0x000000070bc00000, 0x000000070be00000|  0%| F|  |TAMS 0x000000070bc00000, 0x000000070bc00000| Untracked 
|  67|0x000000070be00000, 0x000000070be00000, 0x000000070c000000|  0%| F|  |TAMS 0x000000070be00000, 0x000000070be00000| Untracked 
|  68|0x000000070c000000, 0x000000070c000000, 0x000000070c200000|  0%| F|  |TAMS 0x000000070c000000, 0x000000070c000000| Untracked 
|  69|0x000000070c200000, 0x000000070c200000, 0x000000070c400000|  0%| F|  |TAMS 0x000000070c200000, 0x000000070c200000| Untracked 
|  70|0x000000070c400000, 0x000000070c400000, 0x000000070c600000|  0%| F|  |TAMS 0x000000070c400000, 0x000000070c400000| Untracked 
|  71|0x000000070c600000, 0x000000070c600000, 0x000000070c800000|  0%| F|  |TAMS 0x000000070c600000, 0x000000070c600000| Untracked 
|  72|0x000000070c800000, 0x000000070c800000, 0x000000070ca00000|  0%| F|  |TAMS 0x000000070c800000, 0x000000070c800000| Untracked 
|  73|0x000000070ca00000, 0x000000070ca00000, 0x000000070cc00000|  0%| F|  |TAMS 0x000000070ca00000, 0x000000070ca00000| Untracked 
|  74|0x000000070cc00000, 0x000000070cc00000, 0x000000070ce00000|  0%| F|  |TAMS 0x000000070cc00000, 0x000000070cc00000| Untracked 
|  75|0x000000070ce00000, 0x000000070ce00000, 0x000000070d000000|  0%| F|  |TAMS 0x000000070ce00000, 0x000000070ce00000| Untracked 
|  76|0x000000070d000000, 0x000000070d000000, 0x000000070d200000|  0%| F|  |TAMS 0x000000070d000000, 0x000000070d000000| Untracked 
|  77|0x000000070d200000, 0x000000070d200000, 0x000000070d400000|  0%| F|  |TAMS 0x000000070d200000, 0x000000070d200000| Untracked 
|  78|0x000000070d400000, 0x000000070d400000, 0x000000070d600000|  0%| F|  |TAMS 0x000000070d400000, 0x000000070d400000| Untracked 
|  79|0x000000070d600000, 0x000000070d600000, 0x000000070d800000|  0%| F|  |TAMS 0x000000070d600000, 0x000000070d600000| Untracked 
|  80|0x000000070d800000, 0x000000070d800000, 0x000000070da00000|  0%| F|  |TAMS 0x000000070d800000, 0x000000070d800000| Untracked 
|  81|0x000000070da00000, 0x000000070da00000, 0x000000070dc00000|  0%| F|  |TAMS 0x000000070da00000, 0x000000070da00000| Untracked 
|  82|0x000000070dc00000, 0x000000070dc00000, 0x000000070de00000|  0%| F|  |TAMS 0x000000070dc00000, 0x000000070dc00000| Untracked 
|  83|0x000000070de00000, 0x000000070de00000, 0x000000070e000000|  0%| F|  |TAMS 0x000000070de00000, 0x000000070de00000| Untracked 
|  84|0x000000070e000000, 0x000000070e000000, 0x000000070e200000|  0%| F|  |TAMS 0x000000070e000000, 0x000000070e000000| Untracked 
|  85|0x000000070e200000, 0x000000070e200000, 0x000000070e400000|  0%| F|  |TAMS 0x000000070e200000, 0x000000070e200000| Untracked 
|  86|0x000000070e400000, 0x000000070e400000, 0x000000070e600000|  0%| F|  |TAMS 0x000000070e400000, 0x000000070e400000| Untracked 
|  87|0x000000070e600000, 0x000000070e600000, 0x000000070e800000|  0%| F|  |TAMS 0x000000070e600000, 0x000000070e600000| Untracked 
|  88|0x000000070e800000, 0x000000070e800000, 0x000000070ea00000|  0%| F|  |TAMS 0x000000070e800000, 0x000000070e800000| Untracked 
|  89|0x000000070ea00000, 0x000000070ea00000, 0x000000070ec00000|  0%| F|  |TAMS 0x000000070ea00000, 0x000000070ea00000| Untracked 
|  90|0x000000070ec00000, 0x000000070ec00000, 0x000000070ee00000|  0%| F|  |TAMS 0x000000070ec00000, 0x000000070ec00000| Untracked 
|  91|0x000000070ee00000, 0x000000070ee00000, 0x000000070f000000|  0%| F|  |TAMS 0x000000070ee00000, 0x000000070ee00000| Untracked 
|  92|0x000000070f000000, 0x000000070f000000, 0x000000070f200000|  0%| F|  |TAMS 0x000000070f000000, 0x000000070f000000| Untracked 
|  93|0x000000070f200000, 0x000000070f200000, 0x000000070f400000|  0%| F|  |TAMS 0x000000070f200000, 0x000000070f200000| Untracked 
|  94|0x000000070f400000, 0x000000070f400000, 0x000000070f600000|  0%| F|  |TAMS 0x000000070f400000, 0x000000070f400000| Untracked 
|  95|0x000000070f600000, 0x000000070f600000, 0x000000070f800000|  0%| F|  |TAMS 0x000000070f600000, 0x000000070f600000| Untracked 
|  96|0x000000070f800000, 0x000000070f800000, 0x000000070fa00000|  0%| F|  |TAMS 0x000000070f800000, 0x000000070f800000| Untracked 
|  97|0x000000070fa00000, 0x000000070fa00000, 0x000000070fc00000|  0%| F|  |TAMS 0x000000070fa00000, 0x000000070fa00000| Untracked 
|  98|0x000000070fc00000, 0x000000070fc00000, 0x000000070fe00000|  0%| F|  |TAMS 0x000000070fc00000, 0x000000070fc00000| Untracked 
|  99|0x000000070fe00000, 0x000000070fe00000, 0x0000000710000000|  0%| F|  |TAMS 0x000000070fe00000, 0x000000070fe00000| Untracked 
| 100|0x0000000710000000, 0x0000000710000000, 0x0000000710200000|  0%| F|  |TAMS 0x0000000710000000, 0x0000000710000000| Untracked 
| 101|0x0000000710200000, 0x0000000710200000, 0x0000000710400000|  0%| F|  |TAMS 0x0000000710200000, 0x0000000710200000| Untracked 
| 102|0x0000000710400000, 0x0000000710400000, 0x0000000710600000|  0%| F|  |TAMS 0x0000000710400000, 0x0000000710400000| Untracked 
| 103|0x0000000710600000, 0x0000000710600000, 0x0000000710800000|  0%| F|  |TAMS 0x0000000710600000, 0x0000000710600000| Untracked 
| 104|0x0000000710800000, 0x0000000710800000, 0x0000000710a00000|  0%| F|  |TAMS 0x0000000710800000, 0x0000000710800000| Untracked 
| 105|0x0000000710a00000, 0x0000000710a00000, 0x0000000710c00000|  0%| F|  |TAMS 0x0000000710a00000, 0x0000000710a00000| Untracked 
| 106|0x0000000710c00000, 0x0000000710c00000, 0x0000000710e00000|  0%| F|  |TAMS 0x0000000710c00000, 0x0000000710c00000| Untracked 
| 107|0x0000000710e00000, 0x0000000710e00000, 0x0000000711000000|  0%| F|  |TAMS 0x0000000710e00000, 0x0000000710e00000| Untracked 
| 108|0x0000000711000000, 0x0000000711000000, 0x0000000711200000|  0%| F|  |TAMS 0x0000000711000000, 0x0000000711000000| Untracked 
| 109|0x0000000711200000, 0x0000000711200000, 0x0000000711400000|  0%| F|  |TAMS 0x0000000711200000, 0x0000000711200000| Untracked 
| 110|0x0000000711400000, 0x0000000711400000, 0x0000000711600000|  0%| F|  |TAMS 0x0000000711400000, 0x0000000711400000| Untracked 
| 111|0x0000000711600000, 0x0000000711600000, 0x0000000711800000|  0%| F|  |TAMS 0x0000000711600000, 0x0000000711600000| Untracked 
| 112|0x0000000711800000, 0x0000000711800000, 0x0000000711a00000|  0%| F|  |TAMS 0x0000000711800000, 0x0000000711800000| Untracked 
| 113|0x0000000711a00000, 0x0000000711a00000, 0x0000000711c00000|  0%| F|  |TAMS 0x0000000711a00000, 0x0000000711a00000| Untracked 
| 114|0x0000000711c00000, 0x0000000711c00000, 0x0000000711e00000|  0%| F|  |TAMS 0x0000000711c00000, 0x0000000711c00000| Untracked 
| 115|0x0000000711e00000, 0x0000000711e00000, 0x0000000712000000|  0%| F|  |TAMS 0x0000000711e00000, 0x0000000711e00000| Untracked 
| 116|0x0000000712000000, 0x0000000712000000, 0x0000000712200000|  0%| F|  |TAMS 0x0000000712000000, 0x0000000712000000| Untracked 
| 117|0x0000000712200000, 0x0000000712318538, 0x0000000712400000| 54%| E|  |TAMS 0x0000000712200000, 0x0000000712200000| Complete 
| 118|0x0000000712400000, 0x0000000712600000, 0x0000000712600000|100%| E|CS|TAMS 0x0000000712400000, 0x0000000712400000| Complete 
| 119|0x0000000712600000, 0x0000000712800000, 0x0000000712800000|100%| E|CS|TAMS 0x0000000712600000, 0x0000000712600000| Complete 
| 120|0x0000000712800000, 0x0000000712a00000, 0x0000000712a00000|100%| E|CS|TAMS 0x0000000712800000, 0x0000000712800000| Complete 
| 121|0x0000000712a00000, 0x0000000712c00000, 0x0000000712c00000|100%| E|CS|TAMS 0x0000000712a00000, 0x0000000712a00000| Complete 
| 122|0x0000000712c00000, 0x0000000712e00000, 0x0000000712e00000|100%| E|CS|TAMS 0x0000000712c00000, 0x0000000712c00000| Complete 
| 123|0x0000000712e00000, 0x0000000713000000, 0x0000000713000000|100%| E|CS|TAMS 0x0000000712e00000, 0x0000000712e00000| Complete 
| 124|0x0000000713000000, 0x0000000713200000, 0x0000000713200000|100%| E|CS|TAMS 0x0000000713000000, 0x0000000713000000| Complete 
| 125|0x0000000713200000, 0x0000000713400000, 0x0000000713400000|100%| E|CS|TAMS 0x0000000713200000, 0x0000000713200000| Complete 
| 126|0x0000000713400000, 0x0000000713600000, 0x0000000713600000|100%| E|CS|TAMS 0x0000000713400000, 0x0000000713400000| Complete 

Card table byte_map: [0x000001befd390000,0x000001befdb80000] _byte_map_base: 0x000001bef9b74000

Marking Bits (Prev, Next): (CMBitMap*) 0x000001bee603b3d0, (CMBitMap*) 0x000001bee603b410
 Prev Bits: [0x000001be80000000, 0x000001be83f20000)
 Next Bits: [0x000001be83f20000, 0x000001be87e40000)

Polling page: 0x000001bee3f60000

Metaspace:

Usage:
  Non-class:      9.03 MB used.
      Class:      1.24 MB used.
       Both:     10.27 MB used.

Virtual space:
  Non-class space:       64.00 MB reserved,       9.12 MB ( 14%) committed,  1 nodes.
      Class space:        1.00 GB reserved,       1.38 MB ( <1%) committed,  1 nodes.
             Both:        1.06 GB reserved,      10.50 MB ( <1%) committed. 

Chunk freelists:
   Non-Class:  6.00 MB
       Class:  14.60 MB
        Both:  20.60 MB

MaxMetaspaceSize: unlimited
CompressedClassSpaceSize: 1.00 GB
Initial GC threshold: 21.00 MB
Current GC threshold: 21.00 MB
CDS: on
MetaspaceReclaimPolicy: balanced
 - commit_granule_bytes: 65536.
 - commit_granule_words: 8192.
 - virtual_space_node_default_size: 8388608.
 - enlarge_chunks_in_place: 1.
 - new_chunks_are_fully_committed: 0.
 - uncommit_free_chunks: 1.
 - use_allocation_guard: 0.
 - handle_deallocations: 1.


Internal statistics:

num_allocs_failed_limit: 0.
num_arena_births: 120.
num_arena_deaths: 0.
num_vsnodes_births: 2.
num_vsnodes_deaths: 0.
num_space_committed: 168.
num_space_uncommitted: 0.
num_chunks_returned_to_freelist: 0.
num_chunks_taken_from_freelist: 185.
num_chunk_merges: 0.
num_chunk_splits: 108.
num_chunks_enlarged: 41.
num_inconsistent_stats: 0.

CodeHeap 'non-profiled nmethods': size=120000Kb used=439Kb max_used=439Kb free=119560Kb
 bounds [0x000001bef5340000, 0x000001bef55b0000, 0x000001befc870000]
CodeHeap 'profiled nmethods': size=120000Kb used=2364Kb max_used=2364Kb free=117635Kb
 bounds [0x000001beed870000, 0x000001beedae0000, 0x000001bef4da0000]
CodeHeap 'non-nmethods': size=5760Kb used=1308Kb max_used=1320Kb free=4452Kb
 bounds [0x000001bef4da0000, 0x000001bef5010000, 0x000001bef5340000]
 total_blobs=2109 nmethods=1464 adapters=558
 compilation: enabled
              stopped_count=0, restarted_count=0
 full_count=0

Compilation events (20 events):
Event: 0.871 Thread 0x000001befedf9c30 1403       3       java.lang.StrictMath::floorOrCeil (128 bytes)
Event: 0.871 Thread 0x000001befedf9c30 nmethod 1403 0x000001beedaacf90 code [0x000001beedaad160, 0x000001beedaad5f8]
Event: 0.871 Thread 0x000001befedf9c30 1405       3       javax.swing.text.GapContent::getArrayLength (11 bytes)
Event: 0.872 Thread 0x000001befedf9c30 nmethod 1405 0x000001beedaad710 code [0x000001beedaad8a0, 0x000001beedaadad8]
Event: 0.880 Thread 0x000001befedf9c30 1407       3       jdk.internal.misc.Unsafe::putByte (8 bytes)
Event: 0.880 Thread 0x000001befedf9c30 nmethod 1407 0x000001beedaadb90 code [0x000001beedaadd20, 0x000001beedaade38]
Event: 0.880 Thread 0x000001becf254140 1409       4       jdk.internal.misc.Unsafe::putByte (8 bytes)
Event: 0.881 Thread 0x000001becf254140 nmethod 1409 0x000001bef53a9a90 code [0x000001bef53a9c00, 0x000001bef53a9c78]
Event: 0.883 Thread 0x000001befedf9c30 1411       3       jdk.internal.misc.Unsafe::putInt (8 bytes)
Event: 0.883 Thread 0x000001befedf9c30 nmethod 1411 0x000001beedaadf10 code [0x000001beedaae0a0, 0x000001beedaae1b8]
Event: 0.883 Thread 0x000001befedf9c30 1412       3       jdk.internal.misc.Unsafe::getInt (7 bytes)
Event: 0.883 Thread 0x000001befedf9c30 nmethod 1412 0x000001beedaae290 code [0x000001beedaae420, 0x000001beedaae538]
Event: 0.883 Thread 0x000001becf254140 1413       4       jdk.internal.misc.Unsafe::getInt (7 bytes)
Event: 0.883 Thread 0x000001befedf9c30 1415       3       jdk.internal.misc.Unsafe::getByte (7 bytes)
Event: 0.884 Thread 0x000001befedf9c30 nmethod 1415 0x000001beedaae610 code [0x000001beedaae7a0, 0x000001beedaae8b8]
Event: 0.884 Thread 0x000001becf254140 nmethod 1413 0x000001bef53aa190 code [0x000001bef53aa300, 0x000001bef53aa378]
Event: 0.884 Thread 0x000001becf254140 1414       4       jdk.internal.misc.Unsafe::putInt (8 bytes)
Event: 0.884 Thread 0x000001becf254140 nmethod 1414 0x000001bef53aa490 code [0x000001bef53aa600, 0x000001bef53aa678]
Event: 0.886 Thread 0x000001befedf9c30 1416       3       sun.java2d.marlin.FloatMath::ceil_int (29 bytes)
Event: 0.887 Thread 0x000001befedf9c30 nmethod 1416 0x000001beedaae990 code [0x000001beedaaeb40, 0x000001beedaaee18]

GC Heap History (0 events):
No events

Deoptimization events (20 events):
Event: 0.509 Thread 0x000001bed04c3be0 Uncommon trap: trap_request=0xffffff45 fr.pc=0x000001bef5370c58 relative=0x0000000000000518
Event: 0.509 Thread 0x000001bed04c3be0 Uncommon trap: reason=unstable_if action=reinterpret pc=0x000001bef5370c58 method=java.lang.StringLatin1.replace([BCC)Ljava/lang/String; @ 19 c2
Event: 0.509 Thread 0x000001bed04c3be0 DEOPT PACKING pc=0x000001bef5370c58 sp=0x00000046b67fea70
Event: 0.509 Thread 0x000001bed04c3be0 DEOPT UNPACKING pc=0x000001bef4df23a3 sp=0x00000046b67fe9f0 mode 2
Event: 0.661 Thread 0x000001bed0295030 Uncommon trap: trap_request=0xffffff45 fr.pc=0x000001bef5395a94 relative=0x0000000000000554
Event: 0.661 Thread 0x000001bed0295030 Uncommon trap: reason=unstable_if action=reinterpret pc=0x000001bef5395a94 method=java.lang.StringLatin1.toLowerCase(Ljava/lang/String;[BLjava/util/Locale;)Ljava/lang/String; @ 43 c2
Event: 0.661 Thread 0x000001bed0295030 DEOPT PACKING pc=0x000001bef5395a94 sp=0x00000046b66fcea0
Event: 0.661 Thread 0x000001bed0295030 DEOPT UNPACKING pc=0x000001bef4df23a3 sp=0x00000046b66fce10 mode 2
Event: 0.810 Thread 0x000001bed0295030 Uncommon trap: trap_request=0xffffff45 fr.pc=0x000001bef534b5ac relative=0x00000000000001ac
Event: 0.810 Thread 0x000001bed0295030 Uncommon trap: reason=unstable_if action=reinterpret pc=0x000001bef534b5ac method=java.lang.String.isLatin1()Z @ 10 c2
Event: 0.810 Thread 0x000001bed0295030 DEOPT PACKING pc=0x000001bef534b5ac sp=0x00000046b66fccb0
Event: 0.810 Thread 0x000001bed0295030 DEOPT UNPACKING pc=0x000001bef4df23a3 sp=0x00000046b66fcbe0 mode 2
Event: 0.828 Thread 0x000001bed0295030 Uncommon trap: trap_request=0xffffff45 fr.pc=0x000001bef53a2938 relative=0x0000000000000478
Event: 0.828 Thread 0x000001bed0295030 Uncommon trap: reason=unstable_if action=reinterpret pc=0x000001bef53a2938 method=java.lang.Character.isSurrogate(C)Z @ 3 c2
Event: 0.828 Thread 0x000001bed0295030 DEOPT PACKING pc=0x000001bef53a2938 sp=0x00000046b66fc9b0
Event: 0.828 Thread 0x000001bed0295030 DEOPT UNPACKING pc=0x000001bef4df23a3 sp=0x00000046b66fc8c8 mode 2
Event: 0.876 Thread 0x000001bed0295030 Uncommon trap: trap_request=0xffffff45 fr.pc=0x000001bef53a37a4 relative=0x0000000000000104
Event: 0.876 Thread 0x000001bed0295030 Uncommon trap: reason=unstable_if action=reinterpret pc=0x000001bef53a37a4 method=java.lang.ThreadLocal$ThreadLocalMap.getEntry(Ljava/lang/ThreadLocal;)Ljava/lang/ThreadLocal$ThreadLocalMap$Entry; @ 21 c2
Event: 0.876 Thread 0x000001bed0295030 DEOPT PACKING pc=0x000001bef53a37a4 sp=0x00000046b66fd240
Event: 0.876 Thread 0x000001bed0295030 DEOPT UNPACKING pc=0x000001bef4df23a3 sp=0x00000046b66fd158 mode 2

Classes unloaded (0 events):
No events

Classes redefined (0 events):
No events

Internal exceptions (18 events):
Event: 0.082 Thread 0x000001bee5fcda70 Exception <a 'sun/nio/fs/WindowsException'{0x00000007135263d8}> (0x00000007135263d8) 
thrown [s\open\src\hotspot\share\prims\jni.cpp, line 516]
Event: 0.083 Thread 0x000001bee5fcda70 Exception <a 'sun/nio/fs/WindowsException'{0x0000000713526948}> (0x0000000713526948) 
thrown [s\open\src\hotspot\share\prims\jni.cpp, line 516]
Event: 0.084 Thread 0x000001bee5fcda70 Exception <a 'sun/nio/fs/WindowsException'{0x0000000713528d70}> (0x0000000713528d70) 
thrown [s\open\src\hotspot\share\prims\jni.cpp, line 516]
Event: 0.084 Thread 0x000001bee5fcda70 Exception <a 'sun/nio/fs/WindowsException'{0x0000000713529868}> (0x0000000713529868) 
thrown [s\open\src\hotspot\share\prims\jni.cpp, line 516]
Event: 0.119 Thread 0x000001bee5fcda70 Exception <a 'java/lang/ClassNotFoundException'{0x0000000713277a80}: sun/awt/resources/spi/awtProvider> (0x0000000713277a80) 
thrown [s\open\src\hotspot\share\classfile\systemDictionary.cpp, line 256]
Event: 0.140 Thread 0x000001bee5fcda70 Exception <a 'java/io/FileNotFoundException'{0x00000007132c9eb8}> (0x00000007132c9eb8) 
thrown [s\open\src\hotspot\share\prims\jni.cpp, line 516]
Event: 0.146 Thread 0x000001bee5fcda70 Exception <a 'java/io/FileNotFoundException'{0x00000007132f7200}> (0x00000007132f7200) 
thrown [s\open\src\hotspot\share\prims\jni.cpp, line 516]
Event: 0.180 Thread 0x000001bee5fcda70 Exception <a 'java/lang/NoSuchMethodError'{0x000000071333b1b8}: 'java.lang.Object java.lang.invoke.DirectMethodHandle$Holder.invokeStaticInit(java.lang.Object)'> (0x000000071333b1b8) 
thrown [s\open\src\hotspot\share\interpreter\linkResolver.cpp, line 759]
Event: 0.210 Thread 0x000001bee5fcda70 Exception <a 'java/lang/NoSuchMethodError'{0x00000007133f5b20}: 'void java.lang.invoke.DirectMethodHandle$Holder.invokeSpecial(java.lang.Object, java.lang.Object, java.lang.Object)'> (0x00000007133f5b20) 
thrown [s\open\src\hotspot\share\interpreter\linkResolver.cpp, line 759]
Event: 0.217 Thread 0x000001bee5fcda70 Exception <a 'java/lang/NoSuchMethodError'{0x000000071301ff10}: 'java.lang.Object java.lang.invoke.DirectMethodHandle$Holder.newInvokeSpecial(java.lang.Object, java.lang.Object, java.lang.Object, java.lang.Object, java.lang.Object)'> (0x000000071301ff10) 
thrown [s\open\src\hotspot\share\interpreter\linkResolver.cpp, line 759]
Event: 0.220 Thread 0x000001bee5fcda70 Exception <a 'java/lang/NoSuchMethodError'{0x000000071302b8d8}: 'java.lang.Object java.lang.invoke.DirectMethodHandle$Holder.invokeStatic(java.lang.Object, int, java.lang.Object, java.lang.Object, java.lang.Object, java.lang.Object)'> (0x000000071302b8d8) 
thrown [s\open\src\hotspot\share\interpreter\linkResolver.cpp, line 759]
Event: 0.225 Thread 0x000001bee5fcda70 Exception <a 'java/lang/NoSuchMethodError'{0x0000000713051098}: 'java.lang.Object java.lang.invoke.DirectMethodHandle$Holder.invokeStatic(java.lang.Object, int, java.lang.Object)'> (0x0000000713051098) 
thrown [s\open\src\hotspot\share\interpreter\linkResolver.cpp, line 759]
Event: 0.252 Thread 0x000001bee5fcda70 Exception <a 'java/lang/ClassNotFoundException'{0x0000000713108dd0}: com/sun/swing/internal/plaf/metal/resources/spi/metalProvider> (0x0000000713108dd0) 
thrown [s\open\src\hotspot\share\classfile\systemDictionary.cpp, line 256]
Event: 0.253 Thread 0x000001bee5fcda70 Exception <a 'java/lang/ClassNotFoundException'{0x000000071310cc78}: com/sun/swing/internal/plaf/basic/resources/spi/basicProvider> (0x000000071310cc78) 
thrown [s\open\src\hotspot\share\classfile\systemDictionary.cpp, line 256]
Event: 0.512 Thread 0x000001bed04c3be0 Exception <a 'java/lang/NoSuchMethodError'{0x0000000712d673b0}: 'java.lang.Object java.lang.invoke.DirectMethodHandle$Holder.newInvokeSpecial(java.lang.Object, java.lang.Object, java.lang.Object, int, int, int, int, int)'> (0x0000000712d673b0) 
thrown [s\open\src\hotspot\share\interpreter\linkResolver.cpp, line 759]
Event: 0.535 Thread 0x000001becf3b21c0 Exception <a 'java/lang/NoSuchMethodError'{0x00000007133622a0}: 'void java.lang.invoke.DirectMethodHandle$Holder.invokeVirtual(java.lang.Object, java.lang.Object)'> (0x00000007133622a0) 
thrown [s\open\src\hotspot\share\interpreter\linkResolver.cpp, line 759]
Event: 0.550 Thread 0x000001bee5fcda70 Exception <a 'java/lang/NoSuchMethodError'{0x0000000712d4b4e8}: 'void java.lang.invoke.DirectMethodHandle$Holder.invokeStaticInit(java.lang.Object)'> (0x0000000712d4b4e8) 
thrown [s\open\src\hotspot\share\interpreter\linkResolver.cpp, line 759]
Event: 0.876 Thread 0x000001bed0295030 Implicit null exception at 0x000001bef53a370d to 0x000001bef53a3788

VM Operations (14 events):
Event: 0.085 Executing VM operation: HandshakeAllThreads
Event: 0.086 Executing VM operation: HandshakeAllThreads done
Event: 0.274 Executing VM operation: HandshakeAllThreads
Event: 0.274 Executing VM operation: HandshakeAllThreads done
Event: 0.375 Executing VM operation: HandshakeAllThreads
Event: 0.375 Executing VM operation: HandshakeAllThreads done
Event: 0.504 Executing VM operation: HandshakeAllThreads
Event: 0.504 Executing VM operation: HandshakeAllThreads done
Event: 0.528 Executing VM operation: HandshakeAllThreads
Event: 0.528 Executing VM operation: HandshakeAllThreads done
Event: 0.627 Executing VM operation: HandshakeAllThreads
Event: 0.627 Executing VM operation: HandshakeAllThreads done
Event: 0.751 Executing VM operation: ICBufferFull
Event: 0.751 Executing VM operation: ICBufferFull done

Events (20 events):
Event: 0.882 loading class sun/java2d/marlin/Dasher$LengthIterator
Event: 0.882 loading class sun/java2d/marlin/Dasher$LengthIterator done
Event: 0.882 loading class sun/java2d/marlin/DMarlinRenderingEngine$NormMode
Event: 0.882 loading class sun/java2d/marlin/DMarlinRenderingEngine$NormMode done
Event: 0.882 loading class sun/java2d/marlin/DMarlinRenderingEngine$NormMode$1
Event: 0.882 loading class sun/java2d/marlin/DMarlinRenderingEngine$NormMode$1 done
Event: 0.882 loading class sun/java2d/marlin/DMarlinRenderingEngine$NormMode$2
Event: 0.882 loading class sun/java2d/marlin/DMarlinRenderingEngine$NormMode$2 done
Event: 0.882 loading class sun/java2d/marlin/DMarlinRenderingEngine$NormMode$3
Event: 0.882 loading class sun/java2d/marlin/DMarlinRenderingEngine$NormMode$3 done
Event: 0.882 loading class java/awt/geom/EllipseIterator
Event: 0.882 loading class java/awt/geom/EllipseIterator done
Event: 0.882 loading class sun/java2d/marlin/Helpers
Event: 0.882 loading class sun/java2d/marlin/Helpers done
Event: 0.882 loading class java/lang/FdLibm$Cbrt
Event: 0.882 loading class java/lang/FdLibm$Cbrt done
Event: 0.882 loading class java/lang/FdLibm
Event: 0.882 loading class java/lang/FdLibm done
Event: 0.883 loading class sun/java2d/marlin/ArrayCacheConst
Event: 0.883 loading class sun/java2d/marlin/ArrayCacheConst done


Dynamic libraries:
0x00007ff697a90000 - 0x00007ff697aa0000 	C:\Program Files\Java\jdk-17\bin\java.exe
0x00007ffeaa5f0000 - 0x00007ffeaa807000 	C:\Windows\SYSTEM32\ntdll.dll
0x00007ffea91d0000 - 0x00007ffea9294000 	C:\Windows\System32\KERNEL32.DLL
0x00007ffea7b10000 - 0x00007ffea7eb6000 	C:\Windows\System32\KERNELBASE.dll
0x00007ffea81f0000 - 0x00007ffea8301000 	C:\Windows\System32\ucrtbase.dll
0x00007ffe93540000 - 0x00007ffe93559000 	C:\Program Files\Java\jdk-17\bin\jli.dll
0x00007ffe2d690000 - 0x00007ffe2d6ab000 	C:\Program Files\Java\jdk-17\bin\VCRUNTIME140.dll
0x00007ffea8340000 - 0x00007ffea83f3000 	C:\Windows\System32\ADVAPI32.dll
0x00007ffea8e40000 - 0x00007ffea8ee7000 	C:\Windows\System32\msvcrt.dll
0x00007ffea88c0000 - 0x00007ffea8968000 	C:\Windows\System32\sechost.dll
0x00007ffea7ec0000 - 0x00007ffea7ee8000 	C:\Windows\System32\bcrypt.dll
0x00007ffea84e0000 - 0x00007ffea85f7000 	C:\Windows\System32\RPCRT4.dll
0x00007ffeaa1e0000 - 0x00007ffeaa38e000 	C:\Windows\System32\USER32.dll
0x00007ffea8310000 - 0x00007ffea8336000 	C:\Windows\System32\win32u.dll
0x00007ffe87dd0000 - 0x00007ffe88063000 	C:\Windows\WinSxS\amd64_microsoft.windows.common-controls_6595b64144ccf1df_6.0.22621.2506_none_270c5ae97388e100\COMCTL32.dll
0x00007ffea8e10000 - 0x00007ffea8e39000 	C:\Windows\System32\GDI32.dll
0x00007ffea7930000 - 0x00007ffea7a48000 	C:\Windows\System32\gdi32full.dll
0x00007ffea7ef0000 - 0x00007ffea7f8a000 	C:\Windows\System32\msvcp_win.dll
0x00007ffea0070000 - 0x00007ffea007a000 	C:\Windows\SYSTEM32\VERSION.dll
0x00007ffea9040000 - 0x00007ffea9071000 	C:\Windows\System32\IMM32.DLL
0x00007ffe923c0000 - 0x00007ffe923cc000 	C:\Program Files\Java\jdk-17\bin\vcruntime140_1.dll
0x00007ffe1c880000 - 0x00007ffe1c90e000 	C:\Program Files\Java\jdk-17\bin\msvcp140.dll
0x00007ffe08fa0000 - 0x00007ffe09b81000 	C:\Program Files\Java\jdk-17\bin\server\jvm.dll
0x00007ffea8df0000 - 0x00007ffea8df8000 	C:\Windows\System32\PSAPI.DLL
0x00007ffe8ad90000 - 0x00007ffe8ad99000 	C:\Windows\SYSTEM32\WSOCK32.dll
0x00007ffe9efb0000 - 0x00007ffe9efe4000 	C:\Windows\SYSTEM32\WINMM.dll
0x00007ffea87c0000 - 0x00007ffea8831000 	C:\Windows\System32\WS2_32.dll
0x00007ffea6920000 - 0x00007ffea6938000 	C:\Windows\SYSTEM32\kernel.appcore.dll
0x00007ffe87630000 - 0x00007ffe8763a000 	C:\Program Files\Java\jdk-17\bin\jimage.dll
0x00007ffea5290000 - 0x00007ffea54c3000 	C:\Windows\SYSTEM32\DBGHELP.DLL
0x00007ffea8a60000 - 0x00007ffea8de9000 	C:\Windows\System32\combase.dll
0x00007ffea8400000 - 0x00007ffea84d7000 	C:\Windows\System32\OLEAUT32.dll
0x00007ffe94130000 - 0x00007ffe94162000 	C:\Windows\SYSTEM32\dbgcore.DLL
0x00007ffea7f90000 - 0x00007ffea800a000 	C:\Windows\System32\bcryptPrimitives.dll
0x00007ffe22220000 - 0x00007ffe22245000 	C:\Program Files\Java\jdk-17\bin\java.dll
0x00007ffe22140000 - 0x00007ffe22217000 	C:\Program Files\Java\jdk-17\bin\jsvml.dll
0x00007ffea9970000 - 0x00007ffeaa1ca000 	C:\Windows\System32\SHELL32.dll
0x00007ffea5830000 - 0x00007ffea6126000 	C:\Windows\SYSTEM32\windows.storage.dll
0x00007ffea56f0000 - 0x00007ffea582e000 	C:\Windows\SYSTEM32\wintypes.dll
0x00007ffea9870000 - 0x00007ffea9963000 	C:\Windows\System32\SHCORE.dll
0x00007ffeaa3b0000 - 0x00007ffeaa40e000 	C:\Windows\System32\shlwapi.dll
0x00007ffea7860000 - 0x00007ffea7886000 	C:\Windows\SYSTEM32\profapi.dll
0x00007ffe22120000 - 0x00007ffe22139000 	C:\Program Files\Java\jdk-17\bin\net.dll
0x00007ffea1670000 - 0x00007ffea17a7000 	C:\Windows\SYSTEM32\WINHTTP.dll
0x00007ffea6d90000 - 0x00007ffea6df9000 	C:\Windows\system32\mswsock.dll
0x00007ffe22100000 - 0x00007ffe22116000 	C:\Program Files\Java\jdk-17\bin\nio.dll
0x00007ffe220e0000 - 0x00007ffe220f8000 	C:\Program Files\Java\jdk-17\bin\zip.dll
0x00007ffe08e00000 - 0x00007ffe08f91000 	C:\Program Files\Java\jdk-17\bin\awt.dll
0x00007ffea4920000 - 0x00007ffea49b7000 	C:\Windows\SYSTEM32\apphelp.dll
0x00007ffea4d20000 - 0x00007ffea4d4b000 	C:\Windows\system32\DWMAPI.DLL
0x00007ffea4a60000 - 0x00007ffea4b0b000 	C:\Windows\system32\uxtheme.dll
0x00007ffe7b880000 - 0x00007ffe7b980000 	C:\Windows\system32\opengl32.dll
0x00007ffe7dda0000 - 0x00007ffe7ddcd000 	C:\Windows\SYSTEM32\GLU32.dll
0x00007ffea4bc0000 - 0x00007ffea4bf6000 	C:\Windows\SYSTEM32\dxcore.dll
0x00007ffea9080000 - 0x00007ffea91d0000 	C:\Windows\System32\MSCTF.dll
0x00007ffeaa410000 - 0x00007ffeaa5b0000 	C:\Windows\System32\ole32.dll
0x00007ffe7cae0000 - 0x00007ffe7caf0000 	C:\Program Files\Java\jdk-17\bin\verify.dll
0x00007ffe1c7f0000 - 0x00007ffe1c877000 	C:\Program Files\Java\jdk-17\bin\freetype.dll
0x00007ffe08d20000 - 0x00007ffe08df3000 	C:\Program Files\Java\jdk-17\bin\fontmanager.dll
0x00007ffea9320000 - 0x00007ffea93d0000 	C:\Windows\System32\clbcatq.dll
0x00007ffea30e0000 - 0x00007ffea3290000 	C:\Windows\SYSTEM32\WindowsCodecs.dll
0x00007ffe79160000 - 0x00007ffe791be000 	C:\Windows\system32\dataexchange.dll
0x00007ffe9e5e0000 - 0x00007ffe9e865000 	C:\Windows\system32\twinapi.appcore.dll
0x00007ffe8ef80000 - 0x00007ffe8f0ca000 	C:\Windows\SYSTEM32\textinputframework.dll

dbghelp: loaded successfully - version: 4.0.5 - missing functions: none
symbol engine: initialized successfully - sym options: 0x614 - pdb path: .;C:\Program Files\Java\jdk-17\bin;C:\Windows\SYSTEM32;C:\Windows\WinSxS\amd64_microsoft.windows.common-controls_6595b64144ccf1df_6.0.22621.2506_none_270c5ae97388e100;C:\Program Files\Java\jdk-17\bin\server

VM Arguments:
jvm_args: -Dfile.encoding=UTF-8 --module-path=C:\Users\User\Documents\NetBeansProjects\Bank Management System\build\classes 
java_command: bank.management.system.SignupTwo
java_class_path (initial): C:\Users\User\Downloads\jcalendar-tz-1.3.3-4.jar;C:\Users\User\Downloads\mysql-connector-java-8.0.28.jar;C:\Users\User\Documents\NetBeansProjects\Bank Management System\build\classes
Launcher Type: SUN_STANDARD

[Global flags]
     intx CICompilerCount                          = 4                                         {product} {ergonomic}
     uint ConcGCThreads                            = 2                                         {product} {ergonomic}
     uint G1ConcRefinementThreads                  = 8                                         {product} {ergonomic}
   size_t G1HeapRegionSize                         = 2097152                                   {product} {ergonomic}
    uintx GCDrainStackTargetSize                   = 64                                        {product} {ergonomic}
   size_t InitialHeapSize                          = 266338304                                 {product} {ergonomic}
   size_t MarkStackSize                            = 4194304                                   {product} {ergonomic}
   size_t MaxHeapSize                              = 4236247040                                {product} {ergonomic}
   size_t MaxNewSize                               = 2541748224                                {product} {ergonomic}
   size_t MinHeapDeltaBytes                        = 2097152                                   {product} {ergonomic}
   size_t MinHeapSize                              = 8388608                                   {product} {ergonomic}
    uintx NonNMethodCodeHeapSize                   = 5839372                                {pd product} {ergonomic}
    uintx NonProfiledCodeHeapSize                  = 122909434                              {pd product} {ergonomic}
    uintx ProfiledCodeHeapSize                     = 122909434                              {pd product} {ergonomic}
    uintx ReservedCodeCacheSize                    = 251658240                              {pd product} {ergonomic}
     bool SegmentedCodeCache                       = true                                      {product} {ergonomic}
   size_t SoftMaxHeapSize                          = 4236247040                             {manageable} {ergonomic}
     bool UseCompressedClassPointers               = true                           {product lp64_product} {ergonomic}
     bool UseCompressedOops                        = true                           {product lp64_product} {ergonomic}
     bool UseG1GC                                  = true                                      {product} {ergonomic}
     bool UseLargePagesIndividualAllocation        = false                                  {pd product} {ergonomic}

Logging:
Log output configuration:
 #0: stdout all=warning uptime,level,tags
 #1: stderr all=off uptime,level,tags

Environment Variables:
PATH=C:\Program Files\Common Files\Oracle\Java\javapath;C:\Program Files\Python311\Scripts\;C:\Program Files\Python311\;C:\Windows\system32;C:\Windows;C:\Windows\System32\Wbem;C:\Windows\System32\WindowsPowerShell\v1.0\;C:\Windows\System32\OpenSSH\;C:\Program Files\Java\jdk-17\bin;C:\Program Files\MySQL\MySQL Shell 8.0\bin\;C:\Users\User\AppData\Local\Microsoft\WindowsApps;C:\Users\User\AppData\Local\Programs\MiKTeX\miktex\bin\x64\;C:\Users\User\AppData\Local\Programs\Microsoft VS Code\bin
USERNAME=User
OS=Windows_NT
PROCESSOR_IDENTIFIER=Intel64 Family 6 Model 142 Stepping 12, GenuineIntel



---------------  S Y S T E M  ---------------

OS:
 Windows 11 , 64 bit Build 22621 (10.0.22621.2506)
OS uptime: 2 days 20:19 hours
Hyper-V role detected

CPU: total 8 (initial active 8) (4 cores per cpu, 2 threads per core) family 6 model 142 stepping 12 microcode 0xf4, cx8, cmov, fxsr, ht, mmx, 3dnowpref, sse, sse2, sse3, ssse3, sse4.1, sse4.2, popcnt, lzcnt, tsc, tscinvbit, avx, avx2, aes, erms, clmul, bmi1, bmi2, adx, fma, vzeroupper, clflush, clflushopt, hv

Memory: 4k page, system-wide physical 16157M (4881M free)
TotalPageFile size 46588M (AvailPageFile size 0M)
current process WorkingSet (physical memory assigned to process): 86M, peak: 86M
current process commit charge ("private bytes"): 365M, peak: 368M

vm_info: Java HotSpot(TM) 64-Bit Server VM (17.0.9+11-LTS-201) for windows-amd64 JRE (17.0.9+11-LTS-201), built on Oct 10 2023 23:16:06 by "mach5one" with MS VC++ 17.1 (VS2022)

END.
