#
# There is insufficient memory for the Java Runtime Environment to continue.
# Native memory allocation (malloc) failed to allocate 40720 bytes for Chunk::new
# Possible reasons:
#   The system is out of physical RAM or swap space
#   The process is running with CompressedOops enabled, and the Java Heap may be blocking the growth of the native heap
# Possible solutions:
#   Reduce memory load on the system
#   Increase physical memory or swap space
#   Check if swap backing store is full
#   Decrease Java heap size (-Xmx/-Xms)
#   Decrease number of Java threads
#   Decrease Java thread stack sizes (-Xss)
#   Set larger code cache with -XX:ReservedCodeCacheSize=
#   JVM is running with Zero Based Compressed Oops mode in which the Java heap is
#     placed in the first 32GB address space. The Java Heap base address is the
#     maximum limit for the native heap growth. Please use -XX:HeapBaseMinAddress
#     to set the Java Heap base and to place the Java Heap above 32GB virtual address.
# This output file may be truncated or incomplete.
#
#  Out of Memory Error (arena.cpp:189), pid=28120, tid=35148
#
# JRE version: Java(TM) SE Runtime Environment (17.0.9+11) (build 17.0.9+11-LTS-201)
# Java VM: Java HotSpot(TM) 64-Bit Server VM (17.0.9+11-LTS-201, mixed mode, sharing, tiered, compressed oops, compressed class ptrs, g1 gc, windows-amd64)
# No core dump will be written. Minidumps are not enabled by default on client versions of Windows
#

---------------  S U M M A R Y ------------

Command Line: -Dfile.encoding=UTF-8 --module-path=C:\Users\User\Documents\NetBeansProjects\Bank Management System\build\classes bank.management.system.SignupOne

Host: Intel(R) Core(TM) i5-10210U CPU @ 1.60GHz, 8 cores, 15G,  Windows 11 , 64 bit Build 22621 (10.0.22621.2506)
Time: Fri Jan 19 01:20:16 2024 GMT Standard Time elapsed time: 85915.752177 seconds (0d 23h 51m 55s)

---------------  T H R E A D  ---------------

Current thread (0x00000145bb29c4b0):  JavaThread "C2 CompilerThread0" daemon [_thread_in_native, id=35148, stack(0x00000027e4f00000,0x00000027e5000000)]


Current CompileTask:
C2:85915752 1794       4       java.lang.StringLatin1::replace (198 bytes)

Stack: [0x00000027e4f00000,0x00000027e5000000]
Native frames: (J=compiled Java code, j=interpreted, Vv=VM code, C=native code)
V  [jvm.dll+0x678a4a]
V  [jvm.dll+0x7d9cfd]
V  [jvm.dll+0x7db60e]
V  [jvm.dll+0x7dbc73]
V  [jvm.dll+0x245e1f]
V  [jvm.dll+0xaaafb]
V  [jvm.dll+0xab09c]
V  [jvm.dll+0x11d5c4]
V  [jvm.dll+0x60c6b3]
V  [jvm.dll+0x60ad74]
V  [jvm.dll+0x217fae]
V  [jvm.dll+0x217561]
V  [jvm.dll+0x1a3bc0]
V  [jvm.dll+0x2272de]
V  [jvm.dll+0x22548b]
V  [jvm.dll+0x78f58c]
V  [jvm.dll+0x78998a]
V  [jvm.dll+0x677875]
C  [ucrtbase.dll+0x29363]
C  [KERNEL32.DLL+0x1257d]
C  [ntdll.dll+0x5aa58]


---------------  P R O C E S S  ---------------

Threads class SMR info:
_java_thread_list=0x00000145fd9c0c70, length=17, elements={
0x00000145bb280da0, 0x00000145bb282ad0, 0x00000145bb296e40, 0x00000145bb297a00,
0x00000145bb2985c0, 0x00000145bb29a090, 0x00000145bb29c4b0, 0x00000145bb2a6e90,
0x00000145bb2abcb0, 0x00000145bb26ba70, 0x00000145bb5505c0, 0x00000145bb734120,
0x00000145bb7374d0, 0x00000145bb73cbe0, 0x00000145bb7ae8e0, 0x000001459864f3b0,
0x00000145fdfac9d0
}

Java Threads: ( => current thread )
  0x00000145bb280da0 JavaThread "Reference Handler" daemon [_thread_blocked, id=27696, stack(0x00000027e4900000,0x00000027e4a00000)]
  0x00000145bb282ad0 JavaThread "Finalizer" daemon [_thread_blocked, id=29312, stack(0x00000027e4a00000,0x00000027e4b00000)]
  0x00000145bb296e40 JavaThread "Signal Dispatcher" daemon [_thread_blocked, id=27412, stack(0x00000027e4b00000,0x00000027e4c00000)]
  0x00000145bb297a00 JavaThread "Attach Listener" daemon [_thread_blocked, id=35088, stack(0x00000027e4c00000,0x00000027e4d00000)]
  0x00000145bb2985c0 JavaThread "Service Thread" daemon [_thread_blocked, id=21476, stack(0x00000027e4d00000,0x00000027e4e00000)]
  0x00000145bb29a090 JavaThread "Monitor Deflation Thread" daemon [_thread_blocked, id=29464, stack(0x00000027e4e00000,0x00000027e4f00000)]
=>0x00000145bb29c4b0 JavaThread "C2 CompilerThread0" daemon [_thread_in_native, id=35148, stack(0x00000027e4f00000,0x00000027e5000000)]
  0x00000145bb2a6e90 JavaThread "C1 CompilerThread0" daemon [_thread_blocked, id=33292, stack(0x00000027e5000000,0x00000027e5100000)]
  0x00000145bb2abcb0 JavaThread "Sweeper thread" daemon [_thread_blocked, id=28820, stack(0x00000027e5100000,0x00000027e5200000)]
  0x00000145bb26ba70 JavaThread "Common-Cleaner" daemon [_thread_blocked, id=27316, stack(0x00000027e5200000,0x00000027e5300000)]
  0x00000145bb5505c0 JavaThread "Notification Thread" daemon [_thread_blocked, id=24940, stack(0x00000027e5400000,0x00000027e5500000)]
  0x00000145bb734120 JavaThread "Java2D Disposer" daemon [_thread_blocked, id=28832, stack(0x00000027e5600000,0x00000027e5700000)]
  0x00000145bb7374d0 JavaThread "AWT-Shutdown" [_thread_blocked, id=8644, stack(0x00000027e5700000,0x00000027e5800000)]
  0x00000145bb73cbe0 JavaThread "AWT-Windows" daemon [_thread_in_Java, id=968, stack(0x00000027e5800000,0x00000027e5900000)]
  0x00000145bb7ae8e0 JavaThread "AWT-EventQueue-0" [_thread_blocked, id=32680, stack(0x00000027e5900000,0x00000027e5a00000)]
  0x000001459864f3b0 JavaThread "DestroyJavaVM" [_thread_blocked, id=34344, stack(0x00000027e4200000,0x00000027e4300000)]
  0x00000145fdfac9d0 JavaThread "TimerQueue" daemon [_thread_blocked, id=30612, stack(0x00000027e5d00000,0x00000027e5e00000)]

Other Threads:
  0x00000145bb27e170 VMThread "VM Thread" [stack: 0x00000027e4800000,0x00000027e4900000] [id=35140]
  0x00000145986e5330 WatcherThread [stack: 0x00000027e5500000,0x00000027e5600000] [id=31620]
  0x00000145986bb1e0 GCTaskThread "GC Thread#0" [stack: 0x00000027e4300000,0x00000027e4400000] [id=28100]
  0x00000145986cbdb0 ConcurrentGCThread "G1 Main Marker" [stack: 0x00000027e4400000,0x00000027e4500000] [id=25764]
  0x00000145986cc7c0 ConcurrentGCThread "G1 Conc#0" [stack: 0x00000027e4500000,0x00000027e4600000] [id=35576]
  0x000001459871de50 ConcurrentGCThread "G1 Refine#0" [stack: 0x00000027e4600000,0x00000027e4700000] [id=25220]
  0x000001459871e880 ConcurrentGCThread "G1 Service" [stack: 0x00000027e4700000,0x00000027e4800000] [id=32028]

Threads with active compile tasks:
C2 CompilerThread0  85915797 1794       4       java.lang.StringLatin1::replace (198 bytes)

VM state: not at safepoint (normal execution)

VM Mutex/Monitor currently owned by a thread: None

Heap address: 0x0000000703800000, size: 4040 MB, Compressed Oops mode: Zero based, Oop shift amount: 3

CDS archive(s) mapped at: [0x00000145bc000000-0x00000145bcbd0000-0x00000145bcbd0000), size 12386304, SharedBaseAddress: 0x00000145bc000000, ArchiveRelocationMode: 1.
Compressed class space mapped at: 0x00000145bd000000-0x00000145fd000000, reserved size: 1073741824
Narrow klass base: 0x00000145bc000000, Narrow klass shift: 0, Narrow klass range: 0x100000000

GC Precious Log:
 CPUs: 8 total, 8 available
 Memory: 16157M
 Large Page Support: Disabled
 NUMA Support: Disabled
 Compressed Oops: Enabled (Zero based)
 Heap Region Size: 2M
 Heap Min Capacity: 8M
 Heap Initial Capacity: 254M
 Heap Max Capacity: 4040M
 Pre-touch: Disabled
 Parallel Workers: 8
 Concurrent Workers: 2
 Concurrent Refinement Workers: 8
 Periodic GC: Disabled

Heap:
 garbage-first heap   total 260096K, used 20480K [0x0000000703800000, 0x0000000800000000)
  region size 2048K, 9 young (18432K), 0 survivors (0K)
 Metaspace       used 8417K, committed 8640K, reserved 1114112K
  class space    used 893K, committed 1024K, reserved 1048576K

Heap Regions: E=young(eden), S=young(survivor), O=old, HS=humongous(starts), HC=humongous(continues), CS=collection set, F=free, OA=open archive, CA=closed archive, TAMS=top-at-mark-start (previous, next)
|   0|0x0000000703800000, 0x0000000703a00000, 0x0000000703a00000|100%|HS|  |TAMS 0x0000000703800000, 0x0000000703800000| Complete 
|   1|0x0000000703a00000, 0x0000000703c00000, 0x0000000703c00000|100%|HC|  |TAMS 0x0000000703a00000, 0x0000000703a00000| Complete 
|   2|0x0000000703c00000, 0x0000000703c00000, 0x0000000703e00000|  0%| F|  |TAMS 0x0000000703c00000, 0x0000000703c00000| Untracked 
|   3|0x0000000703e00000, 0x0000000703e00000, 0x0000000704000000|  0%| F|  |TAMS 0x0000000703e00000, 0x0000000703e00000| Untracked 
|   4|0x0000000704000000, 0x0000000704000000, 0x0000000704200000|  0%| F|  |TAMS 0x0000000704000000, 0x0000000704000000| Untracked 
|   5|0x0000000704200000, 0x0000000704200000, 0x0000000704400000|  0%| F|  |TAMS 0x0000000704200000, 0x0000000704200000| Untracked 
|   6|0x0000000704400000, 0x0000000704400000, 0x0000000704600000|  0%| F|  |TAMS 0x0000000704400000, 0x0000000704400000| Untracked 
|   7|0x0000000704600000, 0x0000000704600000, 0x0000000704800000|  0%| F|  |TAMS 0x0000000704600000, 0x0000000704600000| Untracked 
|   8|0x0000000704800000, 0x0000000704800000, 0x0000000704a00000|  0%| F|  |TAMS 0x0000000704800000, 0x0000000704800000| Untracked 
|   9|0x0000000704a00000, 0x0000000704a00000, 0x0000000704c00000|  0%| F|  |TAMS 0x0000000704a00000, 0x0000000704a00000| Untracked 
|  10|0x0000000704c00000, 0x0000000704c00000, 0x0000000704e00000|  0%| F|  |TAMS 0x0000000704c00000, 0x0000000704c00000| Untracked 
|  11|0x0000000704e00000, 0x0000000704e00000, 0x0000000705000000|  0%| F|  |TAMS 0x0000000704e00000, 0x0000000704e00000| Untracked 
|  12|0x0000000705000000, 0x0000000705000000, 0x0000000705200000|  0%| F|  |TAMS 0x0000000705000000, 0x0000000705000000| Untracked 
|  13|0x0000000705200000, 0x0000000705200000, 0x0000000705400000|  0%| F|  |TAMS 0x0000000705200000, 0x0000000705200000| Untracked 
|  14|0x0000000705400000, 0x0000000705400000, 0x0000000705600000|  0%| F|  |TAMS 0x0000000705400000, 0x0000000705400000| Untracked 
|  15|0x0000000705600000, 0x0000000705600000, 0x0000000705800000|  0%| F|  |TAMS 0x0000000705600000, 0x0000000705600000| Untracked 
|  16|0x0000000705800000, 0x0000000705800000, 0x0000000705a00000|  0%| F|  |TAMS 0x0000000705800000, 0x0000000705800000| Untracked 
|  17|0x0000000705a00000, 0x0000000705a00000, 0x0000000705c00000|  0%| F|  |TAMS 0x0000000705a00000, 0x0000000705a00000| Untracked 
|  18|0x0000000705c00000, 0x0000000705c00000, 0x0000000705e00000|  0%| F|  |TAMS 0x0000000705c00000, 0x0000000705c00000| Untracked 
|  19|0x0000000705e00000, 0x0000000705e00000, 0x0000000706000000|  0%| F|  |TAMS 0x0000000705e00000, 0x0000000705e00000| Untracked 
|  20|0x0000000706000000, 0x0000000706000000, 0x0000000706200000|  0%| F|  |TAMS 0x0000000706000000, 0x0000000706000000| Untracked 
|  21|0x0000000706200000, 0x0000000706200000, 0x0000000706400000|  0%| F|  |TAMS 0x0000000706200000, 0x0000000706200000| Untracked 
|  22|0x0000000706400000, 0x0000000706400000, 0x0000000706600000|  0%| F|  |TAMS 0x0000000706400000, 0x0000000706400000| Untracked 
|  23|0x0000000706600000, 0x0000000706600000, 0x0000000706800000|  0%| F|  |TAMS 0x0000000706600000, 0x0000000706600000| Untracked 
|  24|0x0000000706800000, 0x0000000706800000, 0x0000000706a00000|  0%| F|  |TAMS 0x0000000706800000, 0x0000000706800000| Untracked 
|  25|0x0000000706a00000, 0x0000000706a00000, 0x0000000706c00000|  0%| F|  |TAMS 0x0000000706a00000, 0x0000000706a00000| Untracked 
|  26|0x0000000706c00000, 0x0000000706c00000, 0x0000000706e00000|  0%| F|  |TAMS 0x0000000706c00000, 0x0000000706c00000| Untracked 
|  27|0x0000000706e00000, 0x0000000706e00000, 0x0000000707000000|  0%| F|  |TAMS 0x0000000706e00000, 0x0000000706e00000| Untracked 
|  28|0x0000000707000000, 0x0000000707000000, 0x0000000707200000|  0%| F|  |TAMS 0x0000000707000000, 0x0000000707000000| Untracked 
|  29|0x0000000707200000, 0x0000000707200000, 0x0000000707400000|  0%| F|  |TAMS 0x0000000707200000, 0x0000000707200000| Untracked 
|  30|0x0000000707400000, 0x0000000707400000, 0x0000000707600000|  0%| F|  |TAMS 0x0000000707400000, 0x0000000707400000| Untracked 
|  31|0x0000000707600000, 0x0000000707600000, 0x0000000707800000|  0%| F|  |TAMS 0x0000000707600000, 0x0000000707600000| Untracked 
|  32|0x0000000707800000, 0x0000000707800000, 0x0000000707a00000|  0%| F|  |TAMS 0x0000000707800000, 0x0000000707800000| Untracked 
|  33|0x0000000707a00000, 0x0000000707a00000, 0x0000000707c00000|  0%| F|  |TAMS 0x0000000707a00000, 0x0000000707a00000| Untracked 
|  34|0x0000000707c00000, 0x0000000707c00000, 0x0000000707e00000|  0%| F|  |TAMS 0x0000000707c00000, 0x0000000707c00000| Untracked 
|  35|0x0000000707e00000, 0x0000000707e00000, 0x0000000708000000|  0%| F|  |TAMS 0x0000000707e00000, 0x0000000707e00000| Untracked 
|  36|0x0000000708000000, 0x0000000708000000, 0x0000000708200000|  0%| F|  |TAMS 0x0000000708000000, 0x0000000708000000| Untracked 
|  37|0x0000000708200000, 0x0000000708200000, 0x0000000708400000|  0%| F|  |TAMS 0x0000000708200000, 0x0000000708200000| Untracked 
|  38|0x0000000708400000, 0x0000000708400000, 0x0000000708600000|  0%| F|  |TAMS 0x0000000708400000, 0x0000000708400000| Untracked 
|  39|0x0000000708600000, 0x0000000708600000, 0x0000000708800000|  0%| F|  |TAMS 0x0000000708600000, 0x0000000708600000| Untracked 
|  40|0x0000000708800000, 0x0000000708800000, 0x0000000708a00000|  0%| F|  |TAMS 0x0000000708800000, 0x0000000708800000| Untracked 
|  41|0x0000000708a00000, 0x0000000708a00000, 0x0000000708c00000|  0%| F|  |TAMS 0x0000000708a00000, 0x0000000708a00000| Untracked 
|  42|0x0000000708c00000, 0x0000000708c00000, 0x0000000708e00000|  0%| F|  |TAMS 0x0000000708c00000, 0x0000000708c00000| Untracked 
|  43|0x0000000708e00000, 0x0000000708e00000, 0x0000000709000000|  0%| F|  |TAMS 0x0000000708e00000, 0x0000000708e00000| Untracked 
|  44|0x0000000709000000, 0x0000000709000000, 0x0000000709200000|  0%| F|  |TAMS 0x0000000709000000, 0x0000000709000000| Untracked 
|  45|0x0000000709200000, 0x0000000709200000, 0x0000000709400000|  0%| F|  |TAMS 0x0000000709200000, 0x0000000709200000| Untracked 
|  46|0x0000000709400000, 0x0000000709400000, 0x0000000709600000|  0%| F|  |TAMS 0x0000000709400000, 0x0000000709400000| Untracked 
|  47|0x0000000709600000, 0x0000000709600000, 0x0000000709800000|  0%| F|  |TAMS 0x0000000709600000, 0x0000000709600000| Untracked 
|  48|0x0000000709800000, 0x0000000709800000, 0x0000000709a00000|  0%| F|  |TAMS 0x0000000709800000, 0x0000000709800000| Untracked 
|  49|0x0000000709a00000, 0x0000000709a00000, 0x0000000709c00000|  0%| F|  |TAMS 0x0000000709a00000, 0x0000000709a00000| Untracked 
|  50|0x0000000709c00000, 0x0000000709c00000, 0x0000000709e00000|  0%| F|  |TAMS 0x0000000709c00000, 0x0000000709c00000| Untracked 
|  51|0x0000000709e00000, 0x0000000709e00000, 0x000000070a000000|  0%| F|  |TAMS 0x0000000709e00000, 0x0000000709e00000| Untracked 
|  52|0x000000070a000000, 0x000000070a000000, 0x000000070a200000|  0%| F|  |TAMS 0x000000070a000000, 0x000000070a000000| Untracked 
|  53|0x000000070a200000, 0x000000070a200000, 0x000000070a400000|  0%| F|  |TAMS 0x000000070a200000, 0x000000070a200000| Untracked 
|  54|0x000000070a400000, 0x000000070a400000, 0x000000070a600000|  0%| F|  |TAMS 0x000000070a400000, 0x000000070a400000| Untracked 
|  55|0x000000070a600000, 0x000000070a600000, 0x000000070a800000|  0%| F|  |TAMS 0x000000070a600000, 0x000000070a600000| Untracked 
|  56|0x000000070a800000, 0x000000070a800000, 0x000000070aa00000|  0%| F|  |TAMS 0x000000070a800000, 0x000000070a800000| Untracked 
|  57|0x000000070aa00000, 0x000000070aa00000, 0x000000070ac00000|  0%| F|  |TAMS 0x000000070aa00000, 0x000000070aa00000| Untracked 
|  58|0x000000070ac00000, 0x000000070ac00000, 0x000000070ae00000|  0%| F|  |TAMS 0x000000070ac00000, 0x000000070ac00000| Untracked 
|  59|0x000000070ae00000, 0x000000070ae00000, 0x000000070b000000|  0%| F|  |TAMS 0x000000070ae00000, 0x000000070ae00000| Untracked 
|  60|0x000000070b000000, 0x000000070b000000, 0x000000070b200000|  0%| F|  |TAMS 0x000000070b000000, 0x000000070b000000| Untracked 
|  61|0x000000070b200000, 0x000000070b200000, 0x000000070b400000|  0%| F|  |TAMS 0x000000070b200000, 0x000000070b200000| Untracked 
|  62|0x000000070b400000, 0x000000070b400000, 0x000000070b600000|  0%| F|  |TAMS 0x000000070b400000, 0x000000070b400000| Untracked 
|  63|0x000000070b600000, 0x000000070b600000, 0x000000070b800000|  0%| F|  |TAMS 0x000000070b600000, 0x000000070b600000| Untracked 
|  64|0x000000070b800000, 0x000000070b800000, 0x000000070ba00000|  0%| F|  |TAMS 0x000000070b800000, 0x000000070b800000| Untracked 
|  65|0x000000070ba00000, 0x000000070ba00000, 0x000000070bc00000|  0%| F|  |TAMS 0x000000070ba00000, 0x000000070ba00000| Untracked 
|  66|0x000000070bc00000, 0x000000070bc00000, 0x000000070be00000|  0%| F|  |TAMS 0x000000070bc00000, 0x000000070bc00000| Untracked 
|  67|0x000000070be00000, 0x000000070be00000, 0x000000070c000000|  0%| F|  |TAMS 0x000000070be00000, 0x000000070be00000| Untracked 
|  68|0x000000070c000000, 0x000000070c000000, 0x000000070c200000|  0%| F|  |TAMS 0x000000070c000000, 0x000000070c000000| Untracked 
|  69|0x000000070c200000, 0x000000070c200000, 0x000000070c400000|  0%| F|  |TAMS 0x000000070c200000, 0x000000070c200000| Untracked 
|  70|0x000000070c400000, 0x000000070c400000, 0x000000070c600000|  0%| F|  |TAMS 0x000000070c400000, 0x000000070c400000| Untracked 
|  71|0x000000070c600000, 0x000000070c600000, 0x000000070c800000|  0%| F|  |TAMS 0x000000070c600000, 0x000000070c600000| Untracked 
|  72|0x000000070c800000, 0x000000070c800000, 0x000000070ca00000|  0%| F|  |TAMS 0x000000070c800000, 0x000000070c800000| Untracked 
|  73|0x000000070ca00000, 0x000000070ca00000, 0x000000070cc00000|  0%| F|  |TAMS 0x000000070ca00000, 0x000000070ca00000| Untracked 
|  74|0x000000070cc00000, 0x000000070cc00000, 0x000000070ce00000|  0%| F|  |TAMS 0x000000070cc00000, 0x000000070cc00000| Untracked 
|  75|0x000000070ce00000, 0x000000070ce00000, 0x000000070d000000|  0%| F|  |TAMS 0x000000070ce00000, 0x000000070ce00000| Untracked 
|  76|0x000000070d000000, 0x000000070d000000, 0x000000070d200000|  0%| F|  |TAMS 0x000000070d000000, 0x000000070d000000| Untracked 
|  77|0x000000070d200000, 0x000000070d200000, 0x000000070d400000|  0%| F|  |TAMS 0x000000070d200000, 0x000000070d200000| Untracked 
|  78|0x000000070d400000, 0x000000070d400000, 0x000000070d600000|  0%| F|  |TAMS 0x000000070d400000, 0x000000070d400000| Untracked 
|  79|0x000000070d600000, 0x000000070d600000, 0x000000070d800000|  0%| F|  |TAMS 0x000000070d600000, 0x000000070d600000| Untracked 
|  80|0x000000070d800000, 0x000000070d800000, 0x000000070da00000|  0%| F|  |TAMS 0x000000070d800000, 0x000000070d800000| Untracked 
|  81|0x000000070da00000, 0x000000070da00000, 0x000000070dc00000|  0%| F|  |TAMS 0x000000070da00000, 0x000000070da00000| Untracked 
|  82|0x000000070dc00000, 0x000000070dc00000, 0x000000070de00000|  0%| F|  |TAMS 0x000000070dc00000, 0x000000070dc00000| Untracked 
|  83|0x000000070de00000, 0x000000070de00000, 0x000000070e000000|  0%| F|  |TAMS 0x000000070de00000, 0x000000070de00000| Untracked 
|  84|0x000000070e000000, 0x000000070e000000, 0x000000070e200000|  0%| F|  |TAMS 0x000000070e000000, 0x000000070e000000| Untracked 
|  85|0x000000070e200000, 0x000000070e200000, 0x000000070e400000|  0%| F|  |TAMS 0x000000070e200000, 0x000000070e200000| Untracked 
|  86|0x000000070e400000, 0x000000070e400000, 0x000000070e600000|  0%| F|  |TAMS 0x000000070e400000, 0x000000070e400000| Untracked 
|  87|0x000000070e600000, 0x000000070e600000, 0x000000070e800000|  0%| F|  |TAMS 0x000000070e600000, 0x000000070e600000| Untracked 
|  88|0x000000070e800000, 0x000000070e800000, 0x000000070ea00000|  0%| F|  |TAMS 0x000000070e800000, 0x000000070e800000| Untracked 
|  89|0x000000070ea00000, 0x000000070ea00000, 0x000000070ec00000|  0%| F|  |TAMS 0x000000070ea00000, 0x000000070ea00000| Untracked 
|  90|0x000000070ec00000, 0x000000070ec00000, 0x000000070ee00000|  0%| F|  |TAMS 0x000000070ec00000, 0x000000070ec00000| Untracked 
|  91|0x000000070ee00000, 0x000000070ee00000, 0x000000070f000000|  0%| F|  |TAMS 0x000000070ee00000, 0x000000070ee00000| Untracked 
|  92|0x000000070f000000, 0x000000070f000000, 0x000000070f200000|  0%| F|  |TAMS 0x000000070f000000, 0x000000070f000000| Untracked 
|  93|0x000000070f200000, 0x000000070f200000, 0x000000070f400000|  0%| F|  |TAMS 0x000000070f200000, 0x000000070f200000| Untracked 
|  94|0x000000070f400000, 0x000000070f400000, 0x000000070f600000|  0%| F|  |TAMS 0x000000070f400000, 0x000000070f400000| Untracked 
|  95|0x000000070f600000, 0x000000070f600000, 0x000000070f800000|  0%| F|  |TAMS 0x000000070f600000, 0x000000070f600000| Untracked 
|  96|0x000000070f800000, 0x000000070f800000, 0x000000070fa00000|  0%| F|  |TAMS 0x000000070f800000, 0x000000070f800000| Untracked 
|  97|0x000000070fa00000, 0x000000070fa00000, 0x000000070fc00000|  0%| F|  |TAMS 0x000000070fa00000, 0x000000070fa00000| Untracked 
|  98|0x000000070fc00000, 0x000000070fc00000, 0x000000070fe00000|  0%| F|  |TAMS 0x000000070fc00000, 0x000000070fc00000| Untracked 
|  99|0x000000070fe00000, 0x000000070fe00000, 0x0000000710000000|  0%| F|  |TAMS 0x000000070fe00000, 0x000000070fe00000| Untracked 
| 100|0x0000000710000000, 0x0000000710000000, 0x0000000710200000|  0%| F|  |TAMS 0x0000000710000000, 0x0000000710000000| Untracked 
| 101|0x0000000710200000, 0x0000000710200000, 0x0000000710400000|  0%| F|  |TAMS 0x0000000710200000, 0x0000000710200000| Untracked 
| 102|0x0000000710400000, 0x0000000710400000, 0x0000000710600000|  0%| F|  |TAMS 0x0000000710400000, 0x0000000710400000| Untracked 
| 103|0x0000000710600000, 0x0000000710600000, 0x0000000710800000|  0%| F|  |TAMS 0x0000000710600000, 0x0000000710600000| Untracked 
| 104|0x0000000710800000, 0x0000000710800000, 0x0000000710a00000|  0%| F|  |TAMS 0x0000000710800000, 0x0000000710800000| Untracked 
| 105|0x0000000710a00000, 0x0000000710a00000, 0x0000000710c00000|  0%| F|  |TAMS 0x0000000710a00000, 0x0000000710a00000| Untracked 
| 106|0x0000000710c00000, 0x0000000710c00000, 0x0000000710e00000|  0%| F|  |TAMS 0x0000000710c00000, 0x0000000710c00000| Untracked 
| 107|0x0000000710e00000, 0x0000000710e00000, 0x0000000711000000|  0%| F|  |TAMS 0x0000000710e00000, 0x0000000710e00000| Untracked 
| 108|0x0000000711000000, 0x0000000711000000, 0x0000000711200000|  0%| F|  |TAMS 0x0000000711000000, 0x0000000711000000| Untracked 
| 109|0x0000000711200000, 0x0000000711200000, 0x0000000711400000|  0%| F|  |TAMS 0x0000000711200000, 0x0000000711200000| Untracked 
| 110|0x0000000711400000, 0x0000000711400000, 0x0000000711600000|  0%| F|  |TAMS 0x0000000711400000, 0x0000000711400000| Untracked 
| 111|0x0000000711600000, 0x0000000711600000, 0x0000000711800000|  0%| F|  |TAMS 0x0000000711600000, 0x0000000711600000| Untracked 
| 112|0x0000000711800000, 0x0000000711800000, 0x0000000711a00000|  0%| F|  |TAMS 0x0000000711800000, 0x0000000711800000| Untracked 
| 113|0x0000000711a00000, 0x0000000711a00000, 0x0000000711c00000|  0%| F|  |TAMS 0x0000000711a00000, 0x0000000711a00000| Untracked 
| 114|0x0000000711c00000, 0x0000000711c00000, 0x0000000711e00000|  0%| F|  |TAMS 0x0000000711c00000, 0x0000000711c00000| Untracked 
| 115|0x0000000711e00000, 0x0000000711e00000, 0x0000000712000000|  0%| F|  |TAMS 0x0000000711e00000, 0x0000000711e00000| Untracked 
| 116|0x0000000712000000, 0x0000000712000000, 0x0000000712200000|  0%| F|  |TAMS 0x0000000712000000, 0x0000000712000000| Untracked 
| 117|0x0000000712200000, 0x0000000712200000, 0x0000000712400000|  0%| F|  |TAMS 0x0000000712200000, 0x0000000712200000| Untracked 
| 118|0x0000000712400000, 0x0000000712600000, 0x0000000712600000|100%| E|  |TAMS 0x0000000712400000, 0x0000000712400000| Complete 
| 119|0x0000000712600000, 0x0000000712800000, 0x0000000712800000|100%| E|CS|TAMS 0x0000000712600000, 0x0000000712600000| Complete 
| 120|0x0000000712800000, 0x0000000712a00000, 0x0000000712a00000|100%| E|CS|TAMS 0x0000000712800000, 0x0000000712800000| Complete 
| 121|0x0000000712a00000, 0x0000000712c00000, 0x0000000712c00000|100%| E|CS|TAMS 0x0000000712a00000, 0x0000000712a00000| Complete 
| 122|0x0000000712c00000, 0x0000000712e00000, 0x0000000712e00000|100%| E|CS|TAMS 0x0000000712c00000, 0x0000000712c00000| Complete 
| 123|0x0000000712e00000, 0x0000000713000000, 0x0000000713000000|100%| E|CS|TAMS 0x0000000712e00000, 0x0000000712e00000| Complete 
| 124|0x0000000713000000, 0x0000000713200000, 0x0000000713200000|100%| E|CS|TAMS 0x0000000713000000, 0x0000000713000000| Complete 
| 125|0x0000000713200000, 0x0000000713400000, 0x0000000713400000|100%| E|CS|TAMS 0x0000000713200000, 0x0000000713200000| Complete 
| 126|0x0000000713400000, 0x0000000713600000, 0x0000000713600000|100%| E|CS|TAMS 0x0000000713400000, 0x0000000713400000| Complete 

Card table byte_map: [0x00000145afa10000,0x00000145b0200000] _byte_map_base: 0x00000145ac1f4000

Marking Bits (Prev, Next): (CMBitMap*) 0x00000145986bb800, (CMBitMap*) 0x00000145986bb840
 Prev Bits: [0x00000145b09f0000, 0x00000145b4910000)
 Next Bits: [0x00000145b4910000, 0x00000145b8830000)

Polling page: 0x0000014597e20000

Metaspace:

Usage:
  Non-class:      7.35 MB used.
      Class:    893.44 KB used.
       Both:      8.22 MB used.

Virtual space:
  Non-class space:       64.00 MB reserved,       7.44 MB ( 12%) committed,  1 nodes.
      Class space:        1.00 GB reserved,       1.00 MB ( <1%) committed,  1 nodes.
             Both:        1.06 GB reserved,       8.44 MB ( <1%) committed. 

Chunk freelists:
   Non-Class:  8.00 MB
       Class:  15.05 MB
        Both:  23.05 MB

MaxMetaspaceSize: unlimited
CompressedClassSpaceSize: 1.00 GB
Initial GC threshold: 21.00 MB
Current GC threshold: 21.00 MB
CDS: on
MetaspaceReclaimPolicy: balanced
 - commit_granule_bytes: 65536.
 - commit_granule_words: 8192.
 - virtual_space_node_default_size: 8388608.
 - enlarge_chunks_in_place: 1.
 - new_chunks_are_fully_committed: 0.
 - uncommit_free_chunks: 1.
 - use_allocation_guard: 0.
 - handle_deallocations: 1.


Internal statistics:

num_allocs_failed_limit: 0.
num_arena_births: 118.
num_arena_deaths: 0.
num_vsnodes_births: 2.
num_vsnodes_deaths: 0.
num_space_committed: 135.
num_space_uncommitted: 0.
num_chunks_returned_to_freelist: 0.
num_chunks_taken_from_freelist: 173.
num_chunk_merges: 0.
num_chunk_splits: 91.
num_chunks_enlarged: 22.
num_inconsistent_stats: 0.

CodeHeap 'non-profiled nmethods': size=120000Kb used=522Kb max_used=522Kb free=119477Kb
 bounds [0x00000145a79c0000, 0x00000145a7c30000, 0x00000145aeef0000]
CodeHeap 'profiled nmethods': size=120000Kb used=3241Kb max_used=3241Kb free=116758Kb
 bounds [0x000001459fef0000, 0x00000145a0220000, 0x00000145a7420000]
CodeHeap 'non-nmethods': size=5760Kb used=1265Kb max_used=1307Kb free=4494Kb
 bounds [0x00000145a7420000, 0x00000145a7690000, 0x00000145a79c0000]
 total_blobs=2381 nmethods=1793 adapters=500
 compilation: enabled
              stopped_count=0, restarted_count=0
 full_count=0

Compilation events (20 events):
Event: 71843.718 Thread 0x00000145bb2a6e90 nmethod 1784 0x00000145a0215f90 code [0x00000145a02161a0, 0x00000145a0216958]
Event: 71963.721 Thread 0x00000145bb2a6e90 1785   !   3       jdk.internal.ref.PhantomCleanable::isListEmpty (34 bytes)
Event: 71963.723 Thread 0x00000145bb2a6e90 nmethod 1785 0x00000145a0216c90 code [0x00000145a0216e20, 0x00000145a0217078]
Event: 71963.723 Thread 0x00000145bb2a6e90 1786       3       jdk.internal.misc.InnocuousThread::eraseThreadLocals (23 bytes)
Event: 71963.725 Thread 0x00000145bb2a6e90 nmethod 1786 0x00000145a0217190 code [0x00000145a0217320, 0x00000145a0217518]
Event: 78488.814 Thread 0x00000145bb2a6e90 1787  s    3       sun.awt.windows.WDesktopProperties::setColorProperty (91 bytes)
Event: 78488.820 Thread 0x00000145bb2a6e90 nmethod 1787 0x00000145a0217590 code [0x00000145a02177a0, 0x00000145a0217e68]
Event: 78488.936 Thread 0x00000145bb2a6e90 1788       3       java.util.HashMap::tableSizeFor (32 bytes)
Event: 78488.937 Thread 0x00000145bb2a6e90 nmethod 1788 0x00000145a0218110 code [0x00000145a02182c0, 0x00000145a02184e8]
Event: 78488.943 Thread 0x00000145bb2a6e90 1789       3       java.awt.Color::equals (27 bytes)
Event: 78488.944 Thread 0x00000145bb2a6e90 nmethod 1789 0x00000145a0218590 code [0x00000145a0218740, 0x00000145a0218c18]
Event: 80998.930 Thread 0x00000145bb29c4b0 1790       4       java.lang.String::compareTo (9 bytes)
Event: 80998.932 Thread 0x00000145bb29c4b0 nmethod 1790 0x00000145a7a41f90 code [0x00000145a7a42120, 0x00000145a7a42358]
Event: 80998.933 Thread 0x00000145bb29c4b0 1791       4       java.lang.String::compareTo (63 bytes)
Event: 80998.934 Thread 0x00000145bb29c4b0 nmethod 1791 0x00000145a7a42490 code [0x00000145a7a42600, 0x00000145a7a42818]
Event: 82288.062 Thread 0x00000145bb2a6e90 1792       3       java.lang.invoke.LambdaForm$MH/0x00000145bd00a800::invoke (25 bytes)
Event: 82288.063 Thread 0x00000145bb2a6e90 nmethod 1792 0x00000145a0218d10 code [0x00000145a0218ee0, 0x00000145a0219438]
Event: 82968.866 Thread 0x00000145bb2a6e90 1793  s    3       sun.awt.windows.WDesktopProperties::setIntegerProperty (60 bytes)
Event: 82968.868 Thread 0x00000145bb2a6e90 nmethod 1793 0x00000145a0219590 code [0x00000145a02197e0, 0x00000145a021a128]
Event: 85915.731 Thread 0x00000145bb29c4b0 1794       4       java.lang.StringLatin1::replace (198 bytes)

GC Heap History (0 events):
No events

Deoptimization events (20 events):
Event: 0.569 Thread 0x00000145bb7ae8e0 Uncommon trap: trap_request=0xffffff45 fr.pc=0x00000145a7a024a0 relative=0x00000000000003e0
Event: 0.569 Thread 0x00000145bb7ae8e0 Uncommon trap: reason=unstable_if action=reinterpret pc=0x00000145a7a024a0 method=java.lang.Character.isSurrogate(C)Z @ 3 c2
Event: 0.569 Thread 0x00000145bb7ae8e0 DEOPT PACKING pc=0x00000145a7a024a0 sp=0x00000027e59fcc90
Event: 0.569 Thread 0x00000145bb7ae8e0 DEOPT UNPACKING pc=0x00000145a74723a3 sp=0x00000027e59fcba8 mode 2
Event: 13.265 Thread 0x00000145bb7ae8e0 Uncommon trap: trap_request=0xffffffde fr.pc=0x00000145a79d91b8 relative=0x00000000000001b8
Event: 13.265 Thread 0x00000145bb7ae8e0 Uncommon trap: reason=class_check action=maybe_recompile pc=0x00000145a79d91b8 method=java.lang.String.equals(Ljava/lang/Object;)Z @ 8 c2
Event: 13.265 Thread 0x00000145bb7ae8e0 DEOPT PACKING pc=0x00000145a79d91b8 sp=0x00000027e59fe330
Event: 13.265 Thread 0x00000145bb7ae8e0 DEOPT UNPACKING pc=0x00000145a74723a3 sp=0x00000027e59fe2d8 mode 2
Event: 13.265 Thread 0x00000145bb7ae8e0 Uncommon trap: trap_request=0xffffffde fr.pc=0x00000145a79d91b8 relative=0x00000000000001b8
Event: 13.265 Thread 0x00000145bb7ae8e0 Uncommon trap: reason=class_check action=maybe_recompile pc=0x00000145a79d91b8 method=java.lang.String.equals(Ljava/lang/Object;)Z @ 8 c2
Event: 13.266 Thread 0x00000145bb7ae8e0 DEOPT PACKING pc=0x00000145a79d91b8 sp=0x00000027e59fe330
Event: 13.266 Thread 0x00000145bb7ae8e0 DEOPT UNPACKING pc=0x00000145a74723a3 sp=0x00000027e59fe2d8 mode 2
Event: 13.474 Thread 0x00000145bb7ae8e0 Uncommon trap: trap_request=0xffffffde fr.pc=0x00000145a79d91b8 relative=0x00000000000001b8
Event: 13.474 Thread 0x00000145bb7ae8e0 Uncommon trap: reason=class_check action=maybe_recompile pc=0x00000145a79d91b8 method=java.lang.String.equals(Ljava/lang/Object;)Z @ 8 c2
Event: 13.474 Thread 0x00000145bb7ae8e0 DEOPT PACKING pc=0x00000145a79d91b8 sp=0x00000027e59fe330
Event: 13.474 Thread 0x00000145bb7ae8e0 DEOPT UNPACKING pc=0x00000145a74723a3 sp=0x00000027e59fe2d8 mode 2
Event: 13.474 Thread 0x00000145bb7ae8e0 Uncommon trap: trap_request=0xffffffde fr.pc=0x00000145a79d91b8 relative=0x00000000000001b8
Event: 13.474 Thread 0x00000145bb7ae8e0 Uncommon trap: reason=class_check action=maybe_recompile pc=0x00000145a79d91b8 method=java.lang.String.equals(Ljava/lang/Object;)Z @ 8 c2
Event: 13.474 Thread 0x00000145bb7ae8e0 DEOPT PACKING pc=0x00000145a79d91b8 sp=0x00000027e59fe330
Event: 13.474 Thread 0x00000145bb7ae8e0 DEOPT UNPACKING pc=0x00000145a74723a3 sp=0x00000027e59fe2d8 mode 2

Classes unloaded (0 events):
No events

Classes redefined (0 events):
No events

Internal exceptions (16 events):
Event: 0.061 Thread 0x000001459864f3b0 Exception <a 'sun/nio/fs/WindowsException'{0x0000000713525d60}> (0x0000000713525d60) 
thrown [s\open\src\hotspot\share\prims\jni.cpp, line 516]
Event: 0.061 Thread 0x000001459864f3b0 Exception <a 'sun/nio/fs/WindowsException'{0x00000007135262d0}> (0x00000007135262d0) 
thrown [s\open\src\hotspot\share\prims\jni.cpp, line 516]
Event: 0.062 Thread 0x000001459864f3b0 Exception <a 'sun/nio/fs/WindowsException'{0x00000007135286f8}> (0x00000007135286f8) 
thrown [s\open\src\hotspot\share\prims\jni.cpp, line 516]
Event: 0.063 Thread 0x000001459864f3b0 Exception <a 'sun/nio/fs/WindowsException'{0x00000007135291f0}> (0x00000007135291f0) 
thrown [s\open\src\hotspot\share\prims\jni.cpp, line 516]
Event: 0.092 Thread 0x000001459864f3b0 Exception <a 'java/lang/ClassNotFoundException'{0x0000000713239fb0}: sun/awt/resources/spi/awtProvider> (0x0000000713239fb0) 
thrown [s\open\src\hotspot\share\classfile\systemDictionary.cpp, line 256]
Event: 0.112 Thread 0x000001459864f3b0 Exception <a 'java/io/FileNotFoundException'{0x000000071328c638}> (0x000000071328c638) 
thrown [s\open\src\hotspot\share\prims\jni.cpp, line 516]
Event: 0.119 Thread 0x000001459864f3b0 Exception <a 'java/io/FileNotFoundException'{0x00000007132b9560}> (0x00000007132b9560) 
thrown [s\open\src\hotspot\share\prims\jni.cpp, line 516]
Event: 0.156 Thread 0x000001459864f3b0 Exception <a 'java/lang/NoSuchMethodError'{0x00000007132fdba8}: 'java.lang.Object java.lang.invoke.DirectMethodHandle$Holder.invokeStaticInit(java.lang.Object)'> (0x00000007132fdba8) 
thrown [s\open\src\hotspot\share\interpreter\linkResolver.cpp, line 759]
Event: 0.190 Thread 0x000001459864f3b0 Exception <a 'java/lang/NoSuchMethodError'{0x0000000713347570}: 'void java.lang.invoke.DirectMethodHandle$Holder.invokeSpecial(java.lang.Object, java.lang.Object, java.lang.Object)'> (0x0000000713347570) 
thrown [s\open\src\hotspot\share\interpreter\linkResolver.cpp, line 759]
Event: 0.200 Thread 0x000001459864f3b0 Exception <a 'java/lang/NoSuchMethodError'{0x00000007133e2408}: 'java.lang.Object java.lang.invoke.DirectMethodHandle$Holder.newInvokeSpecial(java.lang.Object, java.lang.Object, java.lang.Object, java.lang.Object, java.lang.Object)'> (0x00000007133e2408) 
thrown [s\open\src\hotspot\share\interpreter\linkResolver.cpp, line 759]
Event: 0.202 Thread 0x000001459864f3b0 Exception <a 'java/lang/NoSuchMethodError'{0x00000007133eddd0}: 'java.lang.Object java.lang.invoke.DirectMethodHandle$Holder.invokeStatic(java.lang.Object, int, java.lang.Object, java.lang.Object, java.lang.Object, java.lang.Object)'> (0x00000007133eddd0) 
thrown [s\open\src\hotspot\share\interpreter\linkResolver.cpp, line 759]
Event: 0.207 Thread 0x000001459864f3b0 Exception <a 'java/lang/NoSuchMethodError'{0x0000000713013a48}: 'java.lang.Object java.lang.invoke.DirectMethodHandle$Holder.invokeStatic(java.lang.Object, int, java.lang.Object)'> (0x0000000713013a48) 
thrown [s\open\src\hotspot\share\interpreter\linkResolver.cpp, line 759]
Event: 0.233 Thread 0x000001459864f3b0 Exception <a 'java/lang/ClassNotFoundException'{0x00000007130cb460}: com/sun/swing/internal/plaf/metal/resources/spi/metalProvider> (0x00000007130cb460) 
thrown [s\open\src\hotspot\share\classfile\systemDictionary.cpp, line 256]
Event: 0.234 Thread 0x000001459864f3b0 Exception <a 'java/lang/ClassNotFoundException'{0x00000007130cf308}: com/sun/swing/internal/plaf/basic/resources/spi/basicProvider> (0x00000007130cf308) 
thrown [s\open\src\hotspot\share\classfile\systemDictionary.cpp, line 256]
Event: 0.277 Thread 0x00000145bb73cbe0 Exception <a 'java/lang/NoSuchMethodError'{0x0000000713362960}: 'void java.lang.invoke.DirectMethodHandle$Holder.invokeVirtual(java.lang.Object, java.lang.Object)'> (0x0000000713362960) 
thrown [s\open\src\hotspot\share\interpreter\linkResolver.cpp, line 759]
Event: 0.293 Thread 0x000001459864f3b0 Exception <a 'java/lang/NoSuchMethodError'{0x0000000713150ba8}: 'void java.lang.invoke.DirectMethodHandle$Holder.invokeStaticInit(java.lang.Object)'> (0x0000000713150ba8) 
thrown [s\open\src\hotspot\share\interpreter\linkResolver.cpp, line 759]

VM Operations (20 events):
Event: 60.073 Executing VM operation: Cleanup
Event: 60.074 Executing VM operation: Cleanup done
Event: 61.076 Executing VM operation: Cleanup
Event: 61.077 Executing VM operation: Cleanup done
Event: 62.092 Executing VM operation: Cleanup
Event: 62.092 Executing VM operation: Cleanup done
Event: 63.103 Executing VM operation: Cleanup
Event: 63.103 Executing VM operation: Cleanup done
Event: 64.110 Executing VM operation: Cleanup
Event: 64.111 Executing VM operation: Cleanup done
Event: 67.129 Executing VM operation: Cleanup
Event: 67.129 Executing VM operation: Cleanup done
Event: 69.140 Executing VM operation: Cleanup
Event: 69.140 Executing VM operation: Cleanup done
Event: 72.167 Executing VM operation: Cleanup
Event: 72.167 Executing VM operation: Cleanup done
Event: 2631.558 Executing VM operation: Cleanup
Event: 2631.558 Executing VM operation: Cleanup done
Event: 65646.532 Executing VM operation: Cleanup
Event: 65646.533 Executing VM operation: Cleanup done

Events (20 events):
Event: 13.272 loading class javax/swing/text/AbstractDocument$DefaultDocumentEventUndoableWrapper
Event: 13.272 loading class sun/swing/text/UndoableEditLockSupport
Event: 13.272 loading class sun/swing/text/UndoableEditLockSupport done
Event: 13.272 loading class javax/swing/text/AbstractDocument$DefaultDocumentEventUndoableWrapper done
Event: 13.272 loading class javax/swing/event/UndoableEditListener
Event: 13.273 loading class javax/swing/event/UndoableEditListener done
Event: 13.273 loading class javax/swing/RepaintManager$3
Event: 13.273 loading class javax/swing/RepaintManager$3 done
Event: 16.337 loading class javax/swing/text/GapContent$RemoveUndo
Event: 16.337 loading class javax/swing/text/GapContent$RemoveUndo done
Event: 71.103 loading class java/awt/LightweightDispatcher$2
Event: 71.103 loading class java/awt/LightweightDispatcher$2 done
Event: 72.053 loading class java/awt/KeyboardFocusManager$2
Event: 72.053 loading class java/awt/KeyboardFocusManager$2 done
Event: 72.054 loading class sun/awt/SunToolkit$1
Event: 72.054 loading class sun/awt/SunToolkit$1 done
Event: 27611.396 loading class java/awt/desktop/SystemSleepListener
Event: 27611.396 loading class java/awt/desktop/SystemEventListener
Event: 27611.396 loading class java/awt/desktop/SystemEventListener done
Event: 27611.396 loading class java/awt/desktop/SystemSleepListener done


Dynamic libraries:
0x00007ff697a90000 - 0x00007ff697aa0000 	C:\Program Files\Java\jdk-17\bin\java.exe
0x00007ffeaa5f0000 - 0x00007ffeaa807000 	C:\Windows\SYSTEM32\ntdll.dll
0x00007ffea91d0000 - 0x00007ffea9294000 	C:\Windows\System32\KERNEL32.DLL
0x00007ffea7b10000 - 0x00007ffea7eb6000 	C:\Windows\System32\KERNELBASE.dll
0x00007ffea81f0000 - 0x00007ffea8301000 	C:\Windows\System32\ucrtbase.dll
0x00007ffe93540000 - 0x00007ffe93559000 	C:\Program Files\Java\jdk-17\bin\jli.dll
0x00007ffe2d690000 - 0x00007ffe2d6ab000 	C:\Program Files\Java\jdk-17\bin\VCRUNTIME140.dll
0x00007ffea8340000 - 0x00007ffea83f3000 	C:\Windows\System32\ADVAPI32.dll
0x00007ffea8e40000 - 0x00007ffea8ee7000 	C:\Windows\System32\msvcrt.dll
0x00007ffea88c0000 - 0x00007ffea8968000 	C:\Windows\System32\sechost.dll
0x00007ffea7ec0000 - 0x00007ffea7ee8000 	C:\Windows\System32\bcrypt.dll
0x00007ffea84e0000 - 0x00007ffea85f7000 	C:\Windows\System32\RPCRT4.dll
0x00007ffeaa1e0000 - 0x00007ffeaa38e000 	C:\Windows\System32\USER32.dll
0x00007ffea8310000 - 0x00007ffea8336000 	C:\Windows\System32\win32u.dll
0x00007ffe87dd0000 - 0x00007ffe88063000 	C:\Windows\WinSxS\amd64_microsoft.windows.common-controls_6595b64144ccf1df_6.0.22621.2506_none_270c5ae97388e100\COMCTL32.dll
0x00007ffea8e10000 - 0x00007ffea8e39000 	C:\Windows\System32\GDI32.dll
0x00007ffea7930000 - 0x00007ffea7a48000 	C:\Windows\System32\gdi32full.dll
0x00007ffea7ef0000 - 0x00007ffea7f8a000 	C:\Windows\System32\msvcp_win.dll
0x00007ffea0070000 - 0x00007ffea007a000 	C:\Windows\SYSTEM32\VERSION.dll
0x00007ffea9040000 - 0x00007ffea9071000 	C:\Windows\System32\IMM32.DLL
0x00007ffe923c0000 - 0x00007ffe923cc000 	C:\Program Files\Java\jdk-17\bin\vcruntime140_1.dll
0x00007ffe1c880000 - 0x00007ffe1c90e000 	C:\Program Files\Java\jdk-17\bin\msvcp140.dll
0x00007ffe08fa0000 - 0x00007ffe09b81000 	C:\Program Files\Java\jdk-17\bin\server\jvm.dll
0x00007ffea8df0000 - 0x00007ffea8df8000 	C:\Windows\System32\PSAPI.DLL
0x00007ffe9efb0000 - 0x00007ffe9efe4000 	C:\Windows\SYSTEM32\WINMM.dll
0x00007ffe8ad90000 - 0x00007ffe8ad99000 	C:\Windows\SYSTEM32\WSOCK32.dll
0x00007ffea87c0000 - 0x00007ffea8831000 	C:\Windows\System32\WS2_32.dll
0x00007ffea6920000 - 0x00007ffea6938000 	C:\Windows\SYSTEM32\kernel.appcore.dll
0x00007ffe87630000 - 0x00007ffe8763a000 	C:\Program Files\Java\jdk-17\bin\jimage.dll
0x00007ffea5290000 - 0x00007ffea54c3000 	C:\Windows\SYSTEM32\DBGHELP.DLL
0x00007ffea8a60000 - 0x00007ffea8de9000 	C:\Windows\System32\combase.dll
0x00007ffea8400000 - 0x00007ffea84d7000 	C:\Windows\System32\OLEAUT32.dll
0x00007ffe94130000 - 0x00007ffe94162000 	C:\Windows\SYSTEM32\dbgcore.DLL
0x00007ffea7f90000 - 0x00007ffea800a000 	C:\Windows\System32\bcryptPrimitives.dll
0x00007ffe22220000 - 0x00007ffe22245000 	C:\Program Files\Java\jdk-17\bin\java.dll
0x00007ffe22140000 - 0x00007ffe22217000 	C:\Program Files\Java\jdk-17\bin\jsvml.dll
0x00007ffea9970000 - 0x00007ffeaa1ca000 	C:\Windows\System32\SHELL32.dll
0x00007ffea5830000 - 0x00007ffea6126000 	C:\Windows\SYSTEM32\windows.storage.dll
0x00007ffea56f0000 - 0x00007ffea582e000 	C:\Windows\SYSTEM32\wintypes.dll
0x00007ffea9870000 - 0x00007ffea9963000 	C:\Windows\System32\SHCORE.dll
0x00007ffeaa3b0000 - 0x00007ffeaa40e000 	C:\Windows\System32\shlwapi.dll
0x00007ffea7860000 - 0x00007ffea7886000 	C:\Windows\SYSTEM32\profapi.dll
0x00007ffe22120000 - 0x00007ffe22139000 	C:\Program Files\Java\jdk-17\bin\net.dll
0x00007ffea1670000 - 0x00007ffea17a7000 	C:\Windows\SYSTEM32\WINHTTP.dll
0x00007ffea6d90000 - 0x00007ffea6df9000 	C:\Windows\system32\mswsock.dll
0x00007ffe22100000 - 0x00007ffe22116000 	C:\Program Files\Java\jdk-17\bin\nio.dll
0x00007ffe08e00000 - 0x00007ffe08f91000 	C:\Program Files\Java\jdk-17\bin\awt.dll
0x00007ffea4920000 - 0x00007ffea49b7000 	C:\Windows\SYSTEM32\apphelp.dll
0x00007ffea4d20000 - 0x00007ffea4d4b000 	C:\Windows\system32\DWMAPI.DLL
0x00007ffea4a60000 - 0x00007ffea4b0b000 	C:\Windows\system32\uxtheme.dll
0x00007ffe7b880000 - 0x00007ffe7b980000 	C:\Windows\system32\opengl32.dll
0x00007ffe7dda0000 - 0x00007ffe7ddcd000 	C:\Windows\SYSTEM32\GLU32.dll
0x00007ffea4bc0000 - 0x00007ffea4bf6000 	C:\Windows\SYSTEM32\dxcore.dll
0x00007ffea9080000 - 0x00007ffea91d0000 	C:\Windows\System32\MSCTF.dll
0x00007ffeaa410000 - 0x00007ffeaa5b0000 	C:\Windows\System32\ole32.dll
0x00007ffe1c7f0000 - 0x00007ffe1c877000 	C:\Program Files\Java\jdk-17\bin\freetype.dll
0x00007ffe08d20000 - 0x00007ffe08df3000 	C:\Program Files\Java\jdk-17\bin\fontmanager.dll
0x00007ffea9320000 - 0x00007ffea93d0000 	C:\Windows\System32\clbcatq.dll
0x00007ffea30e0000 - 0x00007ffea3290000 	C:\Windows\SYSTEM32\WindowsCodecs.dll
0x00007ffe79160000 - 0x00007ffe791be000 	C:\Windows\system32\dataexchange.dll
0x00007ffe9e5e0000 - 0x00007ffe9e865000 	C:\Windows\system32\twinapi.appcore.dll
0x00007ffe8ef80000 - 0x00007ffe8f0ca000 	C:\Windows\SYSTEM32\textinputframework.dll
0x00007ffea42d0000 - 0x00007ffea4404000 	C:\Windows\SYSTEM32\CoreMessaging.dll
0x00007ffea0160000 - 0x00007ffea04cc000 	C:\Windows\SYSTEM32\CoreUIComponents.dll
0x00007ffea70c0000 - 0x00007ffea70cc000 	C:\Windows\SYSTEM32\CRYPTBASE.DLL

dbghelp: loaded successfully - version: 4.0.5 - missing functions: none
symbol engine: initialized successfully - sym options: 0x614 - pdb path: .;C:\Program Files\Java\jdk-17\bin;C:\Windows\SYSTEM32;C:\Windows\WinSxS\amd64_microsoft.windows.common-controls_6595b64144ccf1df_6.0.22621.2506_none_270c5ae97388e100;C:\Program Files\Java\jdk-17\bin\server

VM Arguments:
jvm_args: -Dfile.encoding=UTF-8 --module-path=C:\Users\User\Documents\NetBeansProjects\Bank Management System\build\classes 
java_command: bank.management.system.SignupOne
java_class_path (initial): C:\Users\User\Documents\NetBeansProjects\Bank Management System\build\classes
Launcher Type: SUN_STANDARD

[Global flags]
     intx CICompilerCount                          = 4                                         {product} {ergonomic}
     uint ConcGCThreads                            = 2                                         {product} {ergonomic}
     uint G1ConcRefinementThreads                  = 8                                         {product} {ergonomic}
   size_t G1HeapRegionSize                         = 2097152                                   {product} {ergonomic}
    uintx GCDrainStackTargetSize                   = 64                                        {product} {ergonomic}
   size_t InitialHeapSize                          = 266338304                                 {product} {ergonomic}
   size_t MarkStackSize                            = 4194304                                   {product} {ergonomic}
   size_t MaxHeapSize                              = 4236247040                                {product} {ergonomic}
   size_t MaxNewSize                               = 2541748224                                {product} {ergonomic}
   size_t MinHeapDeltaBytes                        = 2097152                                   {product} {ergonomic}
   size_t MinHeapSize                              = 8388608                                   {product} {ergonomic}
    uintx NonNMethodCodeHeapSize                   = 5839372                                {pd product} {ergonomic}
    uintx NonProfiledCodeHeapSize                  = 122909434                              {pd product} {ergonomic}
    uintx ProfiledCodeHeapSize                     = 122909434                              {pd product} {ergonomic}
    uintx ReservedCodeCacheSize                    = 251658240                              {pd product} {ergonomic}
     bool SegmentedCodeCache                       = true                                      {product} {ergonomic}
   size_t SoftMaxHeapSize                          = 4236247040                             {manageable} {ergonomic}
     bool UseCompressedClassPointers               = true                           {product lp64_product} {ergonomic}
     bool UseCompressedOops                        = true                           {product lp64_product} {ergonomic}
     bool UseG1GC                                  = true                                      {product} {ergonomic}
     bool UseLargePagesIndividualAllocation        = false                                  {pd product} {ergonomic}

Logging:
Log output configuration:
 #0: stdout all=warning uptime,level,tags
 #1: stderr all=off uptime,level,tags

Environment Variables:
PATH=C:\Program Files\Common Files\Oracle\Java\javapath;C:\Program Files\Python311\Scripts\;C:\Program Files\Python311\;C:\Windows\system32;C:\Windows;C:\Windows\System32\Wbem;C:\Windows\System32\WindowsPowerShell\v1.0\;C:\Windows\System32\OpenSSH\;C:\Program Files\Java\jdk-17\bin;C:\Program Files\MySQL\MySQL Shell 8.0\bin\;C:\Users\User\AppData\Local\Microsoft\WindowsApps;C:\Users\User\AppData\Local\Programs\MiKTeX\miktex\bin\x64\;C:\Users\User\AppData\Local\Programs\Microsoft VS Code\bin
USERNAME=User
OS=Windows_NT
PROCESSOR_IDENTIFIER=Intel64 Family 6 Model 142 Stepping 12, GenuineIntel



---------------  S Y S T E M  ---------------

OS:
 Windows 11 , 64 bit Build 22621 (10.0.22621.2506)
OS uptime: 2 days 20:19 hours
Hyper-V role detected

CPU: total 8 (initial active 8) (4 cores per cpu, 2 threads per core) family 6 model 142 stepping 12 microcode 0xf4, cx8, cmov, fxsr, ht, mmx, 3dnowpref, sse, sse2, sse3, ssse3, sse4.1, sse4.2, popcnt, lzcnt, tsc, tscinvbit, avx, avx2, aes, erms, clmul, bmi1, bmi2, adx, fma, vzeroupper, clflush, clflushopt, hv

Memory: 4k page, system-wide physical 16157M (4619M free)
TotalPageFile size 46588M (AvailPageFile size 0M)
current process WorkingSet (physical memory assigned to process): 40M, peak: 84M
current process commit charge ("private bytes"): 359M, peak: 367M

vm_info: Java HotSpot(TM) 64-Bit Server VM (17.0.9+11-LTS-201) for windows-amd64 JRE (17.0.9+11-LTS-201), built on Oct 10 2023 23:16:06 by "mach5one" with MS VC++ 17.1 (VS2022)

END.
